"../../../../../../GameDev/ISTA451/3DGame/Exploration/Content/Geometry/Meshes/CubeMaterial.uasset" 0
"../../../../../../GameDev/ISTA451/3DGame/Exploration/Content/Geometry/Meshes/1M_Cube.uasset" 1
"../../../../../../GameDev/ISTA451/3DGame/Exploration/Content/Geometry/Meshes/1M_Cube_Chamfer.uasset" 2
"../../../../../../GameDev/ISTA451/3DGame/Exploration/Content/Geometry/Meshes/TemplateFloor.uasset" 3
"../../../Engine/Content/EditorBlueprintResources/StandardMacros.uasset" 4
"../../../../../../GameDev/ISTA451/3DGame/Exploration/Content/Interactables/Meshes/Material_003.uasset" 5
"../../../../../../GameDev/ISTA451/3DGame/Exploration/Content/Interactables/Meshes/Door.uasset" 6
"../../../../../../GameDev/ISTA451/3DGame/Exploration/Content/Interactables/Meshes/Material.uasset" 7
"../../../../../../GameDev/ISTA451/3DGame/Exploration/Content/Interactables/Meshes/Doorway.uasset" 8
"../../../../../../GameDev/ISTA451/3DGame/Exploration/Content/Interactables/Door_Base.uasset" 9
"../../../Engine/Content/BasicShapes/BasicShapeMaterial.uasset" 10
"../../../../../../GameDev/ISTA451/3DGame/Exploration/Content/Interactables/Meshes/Button.uasset" 11
"../../../../../../GameDev/ISTA451/3DGame/Exploration/Content/Interactables/Button_Base.uasset" 12
"../../../../../../GameDev/ISTA451/3DGame/Exploration/Content/Interactables/Meshes/CupButton.uasset" 13
"../../../../../../GameDev/ISTA451/3DGame/Exploration/Content/Interactables/Cup_Button.uasset" 14
"../../../../../../GameDev/ISTA451/3DGame/Exploration/Content/Interactables/Interaction_Base.uasset" 15
"../../../../../../GameDev/ISTA451/3DGame/Exploration/Content/Interactables/Meshes/Material_001.uasset" 16
"../../../../../../GameDev/ISTA451/3DGame/Exploration/Content/Interactables/Meshes/SmallCube.uasset" 17
"../../../../../../GameDev/ISTA451/3DGame/Exploration/Content/Interactables/Pickup_Base.uasset" 18
"../../../../../../GameDev/ISTA451/3DGame/Exploration/Content/Interactables/Meshes/Sphere.uasset" 19
"../../../../../../GameDev/ISTA451/3DGame/Exploration/Content/Interactables/Sphere_Pickup.uasset" 20
"../../../../../../GameDev/ISTA451/3DGame/Exploration/Content/Obstacles/Meshes/Material.uasset" 21
"../../../../../../GameDev/ISTA451/3DGame/Exploration/Content/Interactables/Meshes/Ramp.uasset" 22
"../../../../../../GameDev/ISTA451/3DGame/Exploration/Content/Mannequin/Character/Mesh/UE4_Mannequin_Skeleton.uasset" 23
"../../../../../../GameDev/ISTA451/3DGame/Exploration/Content/Mannequin/Animations/ThirdPersonJump_End.uasset" 24
"../../../../../../GameDev/ISTA451/3DGame/Exploration/Content/Mannequin/Animations/ThirdPerson_Jump.uasset" 25
"../../../../../../GameDev/ISTA451/3DGame/Exploration/Content/Mannequin/Animations/ThirdPersonJump_Loop.uasset" 26
"../../../../../../GameDev/ISTA451/3DGame/Exploration/Content/Mannequin/Animations/ThirdPersonJump_Start.uasset" 27
"../../../../../../GameDev/ISTA451/3DGame/Exploration/Content/Mannequin/Animations/ThirdPersonIdle.uasset" 28
"../../../../../../GameDev/ISTA451/3DGame/Exploration/Content/Mannequin/Animations/ThirdPersonRun.uasset" 29
"../../../../../../GameDev/ISTA451/3DGame/Exploration/Content/Mannequin/Animations/ThirdPersonWalk.uasset" 30
"../../../../../../GameDev/ISTA451/3DGame/Exploration/Content/Mannequin/Animations/ThirdPerson_IdleRun_2D.uasset" 31
"../../../../../../GameDev/ISTA451/3DGame/Exploration/Content/Mannequin/Animations/ThirdPerson_AnimBP.uasset" 32
"../../../Engine/Content/Functions/Engine_MaterialFunctions02/Utility/BlendAngleCorrectedNormals.uasset" 33
"../../../Engine/Content/Functions/MaterialLayerFunctions/MatLayerBlend_NormalBlend.uasset" 34
"../../../Engine/Content/Functions/MaterialLayerFunctions/MatLayerBlend_Simple.uasset" 35
"../../../../../../GameDev/ISTA451/3DGame/Exploration/Content/Mannequin/Character/Materials/MaterialLayers/T_ML_Rubber_Blue_01_D.uasset" 36
"../../../../../../GameDev/ISTA451/3DGame/Exploration/Content/Mannequin/Character/Materials/MaterialLayers/T_ML_Rubber_Blue_01_N.uasset" 37
"../../../../../../GameDev/ISTA451/3DGame/Exploration/Content/Mannequin/Character/Materials/MaterialLayers/ML_GlossyBlack_Latex_UE4.uasset" 38
"../../../../../../GameDev/ISTA451/3DGame/Exploration/Content/Mannequin/Character/Materials/MaterialLayers/ML_Plastic_Shiny_Beige.uasset" 39
"../../../../../../GameDev/ISTA451/3DGame/Exploration/Content/Mannequin/Character/Textures/UE4_LOGO_CARD.uasset" 40
"../../../../../../GameDev/ISTA451/3DGame/Exploration/Content/Mannequin/Character/Materials/MaterialLayers/ML_Plastic_Shiny_Beige_LOGO.uasset" 41
"../../../../../../GameDev/ISTA451/3DGame/Exploration/Content/Mannequin/Character/Materials/MaterialLayers/T_ML_Aluminum01.uasset" 42
"../../../../../../GameDev/ISTA451/3DGame/Exploration/Content/Mannequin/Character/Materials/MaterialLayers/T_ML_Aluminum01_N.uasset" 43
"../../../../../../GameDev/ISTA451/3DGame/Exploration/Content/Mannequin/Character/Materials/MaterialLayers/ML_SoftMetal_UE4.uasset" 44
"../../../../../../GameDev/ISTA451/3DGame/Exploration/Content/Mannequin/Character/Textures/UE4_Mannequin__normals.uasset" 45
"../../../../../../GameDev/ISTA451/3DGame/Exploration/Content/Mannequin/Character/Textures/UE4_Mannequin_MAT_MASKA.uasset" 46
"../../../../../../GameDev/ISTA451/3DGame/Exploration/Content/Mannequin/Character/Materials/M_UE4Man_Body.uasset" 47
"../../../../../../GameDev/ISTA451/3DGame/Exploration/Content/Mannequin/Character/Textures/UE4Man_Logo_N.uasset" 48
"../../../../../../GameDev/ISTA451/3DGame/Exploration/Content/Mannequin/Character/Materials/M_UE4Man_ChestLogo.uasset" 49
"../../../../../../GameDev/ISTA451/3DGame/Exploration/Content/Mannequin/Character/Mesh/SK_Mannequin_PhysicsAsset.uasset" 50
"../../../../../../GameDev/ISTA451/3DGame/Exploration/Content/Mannequin/Character/Mesh/SK_Mannequin.uasset" 51
"../../../../../../GameDev/ISTA451/3DGame/Exploration/Content/Sounds/ButtonClick.uasset" 52
"../../../../../../GameDev/ISTA451/3DGame/Exploration/Content/Sounds/ButtonUnclick.uasset" 53
"../../../../../../GameDev/ISTA451/3DGame/Exploration/Content/Sounds/Completed.uasset" 54
"../../../../../../GameDev/ISTA451/3DGame/Exploration/Content/Sounds/DontKnow.uasset" 55
"../../../../../../GameDev/ISTA451/3DGame/Exploration/Content/Sounds/Maybe.uasset" 56
"../../../../../../GameDev/ISTA451/3DGame/Exploration/Content/Sounds/PickUp.uasset" 57
"../../../../../../GameDev/ISTA451/3DGame/Exploration/Content/Sounds/Progress.uasset" 58
"../../../../../../GameDev/ISTA451/3DGame/Exploration/Content/Sounds/PutDown.uasset" 59
"../../../../../../GameDev/ISTA451/3DGame/Exploration/Content/Sounds/YeahMaybeNot.uasset" 60
"../../../../../../GameDev/ISTA451/3DGame/Exploration/Content/ThirdPerson/Meshes/RampMaterial.uasset" 61
"../../../../../../GameDev/ISTA451/3DGame/Exploration/Content/ThirdPerson/Meshes/Bump_StaticMesh.uasset" 62
"../../../../../../GameDev/ISTA451/3DGame/Exploration/Content/ThirdPerson/Meshes/LeftArm_StaticMesh.uasset" 63
"../../../../../../GameDev/ISTA451/3DGame/Exploration/Content/ThirdPerson/Meshes/Linear_Stair_StaticMesh.uasset" 64
"../../../../../../GameDev/ISTA451/3DGame/Exploration/Content/ThirdPerson/Meshes/Ramp_StaticMesh.uasset" 65
"../../../../../../GameDev/ISTA451/3DGame/Exploration/Content/ThirdPerson/Meshes/RightArm_StaticMesh.uasset" 66
"../../../../../../GameDev/ISTA451/3DGame/Exploration/Content/ThirdPersonBP/Blueprints/P_GameState.uasset" 67
"../../../../../../GameDev/ISTA451/3DGame/Exploration/Content/ThirdPersonBP/Blueprints/Animation/Player_Skeleton.uasset" 68
"../../../../../../GameDev/ISTA451/3DGame/Exploration/Content/ThirdPersonBP/Blueprints/Animation/Player_Player_Arma_DefaultAnim.uasset" 69
"../../../../../../GameDev/ISTA451/3DGame/Exploration/Content/ThirdPersonBP/Blueprints/Animation/Player_Player_Arma_Player_ArmaAction.uasset" 70
"../../../../../../GameDev/ISTA451/3DGame/Exploration/Content/ThirdPersonBP/Blueprints/Animation/Anims/Player_Player_Arma_DefaultAnim.uasset" 71
"../../../../../../GameDev/ISTA451/3DGame/Exploration/Content/ThirdPersonBP/Blueprints/Animation/Anims/Player_Player_Arma_Player_ArmaAction.uasset" 72
"../../../../../../GameDev/ISTA451/3DGame/Exploration/Content/ThirdPersonBP/Blueprints/Animation/Anims/Player_Player_Arma_P_Activate.uasset" 73
"../../../../../../GameDev/ISTA451/3DGame/Exploration/Content/ThirdPersonBP/Blueprints/Animation/Anims/Player_Player_Arma_P_BWalk.uasset" 74
"../../../../../../GameDev/ISTA451/3DGame/Exploration/Content/ThirdPersonBP/Blueprints/Animation/Anims/Player_Player_Arma_P_Dodging.uasset" 75
"../../../../../../GameDev/ISTA451/3DGame/Exploration/Content/ThirdPersonBP/Blueprints/Animation/Anims/Player_Player_Arma_P_Idle.uasset" 76
"../../../../../../GameDev/ISTA451/3DGame/Exploration/Content/ThirdPersonBP/Blueprints/Animation/Anims/Player_Player_Arma_P_Walk.uasset" 77
"../../../Engine/Content/Functions/Engine_MaterialFunctions01/Opacity/CameraDepthFade.uasset" 78
"../../../Engine/Content/EngineMaterials/T_Default_Material_Grid_M.uasset" 79
"../../../Engine/Content/EngineMaterials/T_Default_Material_Grid_N.uasset" 80
"../../../Engine/Content/EngineMaterials/WorldGridMaterial.uasset" 81
"../../../Engine/Content/ArtTools/RenderToTexture/Meshes/S_1_Unit_Plane.uasset" 82
"../../../Engine/Content/EngineMaterials/DefaultMaterial.uasset" 83
"../../../Engine/Content/BasicShapes/Cone.uasset" 84
"../../../Engine/Content/BasicShapes/Cube.uasset" 85
"../../../Engine/Content/BasicShapes/Cylinder.uasset" 86
"../../../Engine/Content/BasicShapes/Sphere.uasset" 87
"../../../Engine/Content/EditorLandscapeResources/DataLayer.uasset" 88
"../../../Engine/Content/EditorMaterials/GizmoMaterial.uasset" 89
"../../../Engine/Content/EditorMaterials/MAT_Groups_Toggle.uasset" 90
"../../../Engine/Content/EditorMaterials/MAT_Groups_Visibility.uasset" 91
"../../../Engine/Content/EditorMaterials/PreviewShadowIndicator.uasset" 92
"../../../Engine/Content/EditorMaterials/PreviewShadowIndicatorMaterial.uasset" 93
"../../../Engine/Content/EditorMaterials/MatineeGroups/MAT_ColorTrack.uasset" 94
"../../../Engine/Content/EditorMaterials/MatineeGroups/MAT_Groups_Anim.uasset" 95
"../../../Engine/Content/EditorMaterials/MatineeGroups/MAT_Groups_AudioMaster.uasset" 96
"../../../Engine/Content/EditorMaterials/MatineeGroups/MAT_Groups_Director.uasset" 97
"../../../Engine/Content/EditorMaterials/MatineeGroups/MAT_Groups_Event.uasset" 98
"../../../Engine/Content/EditorMaterials/MatineeGroups/MAT_Groups_Fade.uasset" 99
"../../../Engine/Content/EditorMaterials/MatineeGroups/MAT_Groups_Float.uasset" 100
"../../../Engine/Content/EditorMaterials/MatineeGroups/MAT_Groups_Move.uasset" 101
"../../../Engine/Content/EditorMaterials/MatineeGroups/MAT_Groups_Slomo.uasset" 102
"../../../Engine/Content/EditorMaterials/MatineeGroups/MAT_Groups_Sound.uasset" 103
"../../../Engine/Content/EditorMaterials/MatineeGroups/MAT_Groups_Vector.uasset" 104
"../../../Engine/Content/EditorMaterials/ParticleSystems/PSysThumbnail_NoImage.uasset" 105
"../../../Engine/Content/EditorMaterials/ParticleSystems/PSysThumbnail_OOD.uasset" 106
"../../../Engine/Content/EditorMaterials/Camera/CineMat.uasset" 107
"../../../Engine/Content/EditorMaterials/Camera/MI_CineMat_Rig.uasset" 108
"../../../Engine/Content/EditorMeshes/Camera/SM_CraneRig_Arm.uasset" 109
"../../../Engine/Content/EditorMeshes/Camera/SM_CraneRig_Base.uasset" 110
"../../../Engine/Content/EditorMeshes/Camera/SM_CraneRig_Body.uasset" 111
"../../../Engine/Content/EditorMeshes/Camera/SM_CraneRig_Mount.uasset" 112
"../../../Engine/Content/EditorMeshes/Camera/SM_RailRig_Mount.uasset" 113
"../../../Engine/Content/EditorMeshes/Camera/SM_RailRig_Track.uasset" 114
"../../../Engine/Content/EditorResources/BSPVertex.uasset" 115
"../../../Engine/Content/EditorResources/EmptyActor.uasset" 116
"../../../Engine/Content/EditorResources/S_Actor.uasset" 117
"../../../Engine/Content/EditorResources/S_Trigger.uasset" 118
"../../../Engine/Content/EditorResources/LightIcons/S_LightError.uasset" 119
"../../../Engine/Content/EditorResources/SequenceRecorder/Countdown.uasset" 120
"../../../Engine/Content/EditorResources/SequenceRecorder/RecordingIndicator.uasset" 121
"../../../Engine/Content/EditorSounds/Notifications/CompileFailed.uasset" 122
"../../../Engine/Content/EditorSounds/Notifications/CompileFailed_Cue.uasset" 123
"../../../Engine/Content/EditorSounds/Notifications/CompileSuccess.uasset" 124
"../../../Engine/Content/EditorSounds/Notifications/CompileStart_Cue.uasset" 125
"../../../Engine/Content/EditorSounds/Notifications/CompileSuccess_Cue.uasset" 126
"../../../Engine/Content/EngineDamageTypes/DmgTypeBP_Environmental.uasset" 127
"../../../Engine/Content/EngineDebugMaterials/HeatmapGradient.uasset" 128
"../../../Engine/Content/EngineDebugMaterials/BoneWeightMaterial.uasset" 129
"../../../Engine/Content/EngineDebugMaterials/ClothMaterial.uasset" 130
"../../../Engine/Content/EngineDebugMaterials/ClothMaterial_WF.uasset" 131
"../../../Engine/Content/EngineDebugMaterials/DebugEditorMaterial.uasset" 132
"../../../Engine/Content/EngineDebugMaterials/DebugMeshMaterial.uasset" 133
"../../../Engine/Content/EngineDebugMaterials/GeomMaterial.uasset" 134
"../../../Engine/Content/EngineDebugMaterials/M_SimpleTranslucent.uasset" 135
"../../../Engine/Content/EngineFonts/Faces/RobotoBold.uasset" 136
"../../../Engine/Content/EngineFonts/Faces/RobotoBoldItalic.uasset" 137
"../../../Engine/Content/EngineFonts/Faces/RobotoItalic.uasset" 138
"../../../Engine/Content/EngineFonts/Faces/RobotoLight.uasset" 139
"../../../Engine/Content/EngineFonts/Faces/RobotoRegular.uasset" 140
"../../../Engine/Content/EngineFonts/Roboto.uasset" 141
"../../../Engine/Content/EngineFonts/Faces/RobotoTiny.uasset" 142
"../../../Engine/Content/EngineFonts/RobotoTiny.uasset" 143
"../../../Engine/Content/EngineMaterials/BaseFlattenDiffuseMap.uasset" 144
"../../../Engine/Content/EngineMaterials/BaseFlattenEmissiveMap.uasset" 145
"../../../Engine/Content/EngineMaterials/BaseFlattenGrayscaleMap.uasset" 146
"../../../Engine/Content/EngineMaterials/BaseFlattenNormalMap.uasset" 147
"../../../Engine/Content/EngineMaterials/BaseFlattenMaterial.uasset" 148
"../../../Engine/Content/EngineMaterials/DefaultBloomKernel.uasset" 149
"../../../Engine/Content/EngineMaterials/DefaultBokeh.uasset" 150
"../../../Engine/Content/EngineMaterials/DefaultDiffuse.uasset" 151
"../../../Engine/Content/EngineMaterials/DefaultDeferredDecalMaterial.uasset" 152
"../../../Engine/Content/EngineMaterials/DefaultLightFunctionMaterial.uasset" 153
"../../../Engine/Content/EngineMaterials/DefaultPhysicalMaterial.uasset" 154
"../../../Engine/Content/Functions/Engine_MaterialFunctions02/Utility/BreakOutFloat2Components.uasset" 155
"../../../Engine/Content/EngineMaterials/DefaultPostProcessMaterial.uasset" 156
"../../../Engine/Content/EngineFonts/RobotoDistanceField.uasset" 157
"../../../Engine/Content/EngineMaterials/DefaultTextMaterialOpaque.uasset" 158
"../../../Engine/Content/EngineMaterials/DefaultWhiteGrid.uasset" 159
"../../../Engine/Content/EngineMaterials/EditorBrushMaterial.uasset" 160
"../../../Engine/Content/EngineMaterials/Good64x64TilingNoiseHighFreq.uasset" 161
"../../../Engine/Content/EngineMaterials/MiniFont.uasset" 162
"../../../Engine/Content/EngineMaterials/InvalidLightmapSettings.uasset" 163
"../../../Engine/Content/EngineMaterials/M_InvalidLightmapSettings.uasset" 164
"../../../Engine/Content/Functions/Engine_MaterialFunctions02/WorldPositionOffset/CameraOffset.uasset" 165
"../../../Engine/Content/EngineMaterials/PhAT_JointLimitMaterial.uasset" 166
"../../../Engine/Content/EngineMaterials/PreintegratedSkinBRDF.uasset" 167
"../../../Engine/Content/EngineMaterials/RemoveSurfaceMaterial.uasset" 168
"../../../Engine/Content/EngineMaterials/WeightMapPlaceholderTexture.uasset" 169
"../../../Engine/Content/EngineResources/WhiteSquareTexture.uasset" 170
"../../../Engine/Content/EngineMaterials/Widget3DPassThrough.uasset" 171
"../../../Engine/Content/EngineMaterials/Widget3DPassThrough_Masked.uasset" 172
"../../../Engine/Content/EngineMaterials/Widget3DPassThrough_Opaque.uasset" 173
"../../../Engine/Content/EngineMaterials/Widget3DPassThrough_Masked_OneSided.uasset" 174
"../../../Engine/Content/EngineMaterials/Widget3DPassThrough_Opaque_OneSided.uasset" 175
"../../../Engine/Content/EngineMaterials/Widget3DPassThrough_Translucent.uasset" 176
"../../../Engine/Content/EngineMaterials/Widget3DPassThrough_Translucent_OneSided.uasset" 177
"../../../Engine/Content/EngineMeshes/Cylinder.uasset" 178
"../../../Engine/Content/EngineMeshes/Sphere.uasset" 179
"../../../Engine/Content/EngineResources/Black.uasset" 180
"../../../Engine/Content/EngineResources/DefaultTexture.uasset" 181
"../../../Engine/Content/EngineResources/DefaultTextureCube.uasset" 182
"../../../Engine/Content/EngineResources/DefaultVolumeTexture2D.uasset" 183
"../../../Engine/Content/EngineResources/DefaultVolumeTexture.uasset" 184
"../../../Engine/Content/EngineResources/GradientTexture0.uasset" 185
"../../../Engine/Content/EngineSounds/Master.uasset" 186
"../../../Engine/Content/Functions/Engine_MaterialFunctions01/Shading/ConvertFromDiffSpec.uasset" 187
"../../../Engine/Content/Functions/Engine_MaterialFunctions01/Shading/PowerToRoughness.uasset" 188
"../../../Engine/Content/Maps/Templates/Thumbnails/Default.uasset" 189
"../../../Engine/Content/Maps/Templates/Thumbnails/VR-Basic.uasset" 190
"../../../Engine/Content/MobileResources/T_MobileControls_texture.uasset" 191
"../../../Engine/Content/MobileResources/T_MobileMenu2.uasset" 192
"../../../Engine/Content/MobileResources/HUD/AnalogHat.uasset" 193
"../../../Engine/Content/MobileResources/HUD/VirtualJoystick_Background.uasset" 194
"../../../Engine/Content/MobileResources/HUD/VirtualJoystick_Thumb.uasset" 195
"../../../Engine/Content/MobileResources/HUD/DefaultVirtualJoysticks.uasset" 196
"../../../Engine/Content/MobileResources/HUD/LeftVirtualJoystickOnly.uasset" 197
"../../../Engine/Content/MobileResources/HUD/MobileHUDButton1_off.uasset" 198
"../../../Engine/Content/MobileResources/HUD/MobileHUDButton1_on.uasset" 199
"../../../Engine/Content/MobileResources/HUD/MobileHUDButton2_off.uasset" 200
"../../../Engine/Content/MobileResources/HUD/MobileHUDButton2_on.uasset" 201
"../../../Engine/Content/MobileResources/HUD/MobileHUDButton3.uasset" 202
"../../../Engine/Content/MobileResources/HUD/MobileHUDButtonFire.uasset" 203
"../../../Engine/Content/MobileResources/HUD/MobileHUDDirectionPad.uasset" 204
"../../../Engine/Content/MobileResources/HUD/MobileHUDDirectionPad2.uasset" 205
"../../../Engine/Content/MobileResources/HUD/MobileHUDDirectionPad3.uasset" 206
"../../../Engine/Content/MobileResources/HUD/MobileHUDDirectionStick.uasset" 207
"../../../Engine/Content/MobileResources/HUD/T_Castle_ThumbstickInner.uasset" 208
"../../../Engine/Content/MobileResources/HUD/T_Castle_ThumbstickOutter.uasset" 209
"../../../Engine/Content/Tutorial/ContentIntroCurve.uasset" 210
"../../../Engine/Content/Tutorial/Mobile/TutorialAssets/IOS.uasset" 211
"../../../Engine/Content/VREditor/LaserPointer/VR_LaserPower_01.uasset" 212
"../../../Engine/Content/VREditor/TransformGizmo/TransformGizmoMaterial.uasset" 213
"../../../Engine/Content/VREditor/TransformGizmo/TranslucentTransformGizmoMaterial.uasset" 214
"../../../Engine/Content/VREditor/TransformGizmo/BoundingBoxCorner.uasset" 215
"../../../Engine/Content/VREditor/TransformGizmo/BoundingBoxEdge.uasset" 216
"../../../Engine/Content/VREditor/TransformGizmo/PlaneTranslationHandle.uasset" 217
"../../../Engine/Content/VREditor/TransformGizmo/Main.uasset" 218
"../../../Engine/Content/VREditor/TransformGizmo/Xray.uasset" 219
"../../../Engine/Content/VREditor/TransformGizmo/SM_Sequencer_Key.uasset" 220
"../../../Engine/Content/VREditor/TransformGizmo/SM_Sequencer_Node.uasset" 221
"../../Plugins/2D/Paper2D/Content/PlaceholderTextures/DummySpriteTexture.uasset" 222
"../../Plugins/2D/Paper2D/Content/DummySprite.uasset" 223
"../../Plugins/2D/Paper2D/Content/DefaultPaperTerrainMaterial.uasset" 224
"../../Plugins/2D/Paper2D/Content/DefaultSpriteMaterial.uasset" 225
"../../Plugins/2D/Paper2D/Content/MaskedUnlitSpriteMaterial.uasset" 226
"../../Plugins/2D/Paper2D/Content/OpaqueUnlitSpriteMaterial.uasset" 227
"../../Plugins/Runtime/Oculus/OculusVR/Content/Materials/PokeAHoleMaterial.uasset" 228
"../../Plugins/Runtime/Oculus/OculusVR/Content/Textures/GearVRController_AO.uasset" 229
"../../Plugins/Runtime/Oculus/OculusVR/Content/Textures/GearVRController_Color.uasset" 230
"../../Plugins/Runtime/Oculus/OculusVR/Content/Textures/GearVRController_Normal.uasset" 231
"../../Plugins/Runtime/Oculus/OculusVR/Content/Materials/GearVRControllerMaterial.uasset" 232
"../../Plugins/Runtime/Oculus/OculusVR/Content/Meshes/GearVrController.uasset" 233
"../../Plugins/Runtime/Oculus/OculusVR/Content/Textures/touchController_albedo.uasset" 234
"../../Plugins/Runtime/Oculus/OculusVR/Content/Textures/touchController_controlmap.uasset" 235
"../../Plugins/Runtime/Oculus/OculusVR/Content/Materials/touchController_mat.uasset" 236
"../../Plugins/Runtime/Oculus/OculusVR/Content/Meshes/LeftTouchController.uasset" 237
"../../Plugins/Runtime/Oculus/OculusVR/Content/Meshes/RiftHMD.uasset" 238
"../../Plugins/Runtime/Oculus/OculusVR/Content/Meshes/RightTouchController.uasset" 239
"../../../Engine/Content/EngineSky/C_Sky_Cloud_Color.uasset" 240
"../../../Engine/Content/EngineSky/C_Sky_Horizon_Color.uasset" 241
"../../../Engine/Content/EngineSky/C_Sky_Zenith_Color.uasset" 242
"../../../Engine/Content/EngineSky/T_Sky_Blue.uasset" 243
"../../../Engine/Content/EngineSky/T_Sky_Clouds_M.uasset" 244
"../../../Engine/Content/EngineSky/T_Sky_Stars.uasset" 245
"../../../Engine/Content/EngineSky/M_Sky_Panning_Clouds2.uasset" 246
"../../../Engine/Content/EngineSky/SM_SkySphere.uasset" 247
"../../../Engine/Content/EngineSky/BP_Sky_Sphere.uasset" 248
"../../../../../../GameDev/ISTA451/3DGame/Exploration/Content/Interactables/Block_Pickup.uasset" 249
"../../../../../../GameDev/ISTA451/3DGame/Exploration/Content/Interactables/Meshes/Material_002.uasset" 250
"../../../../../../GameDev/ISTA451/3DGame/Exploration/Content/Interactables/Meshes/Obelisk.uasset" 251
"../../../../../../GameDev/ISTA451/3DGame/Exploration/Content/Interactables/Meshes/ObeliskBase.uasset" 252
"../../../../../../GameDev/ISTA451/3DGame/Exploration/Content/Interactables/Obelisk_Interactive.uasset" 253
"../../../../../../GameDev/ISTA451/3DGame/Exploration/Content/ThirdPersonBP/Blueprints/P_Cam.uasset" 254
"../../../../../../GameDev/ISTA451/3DGame/Exploration/Content/ThirdPersonBP/Blueprints/P_Cont.uasset" 255
"../../../../../../GameDev/ISTA451/3DGame/Exploration/Content/ThirdPersonBP/Blueprints/Animation/Anims/Player_Player_Arma_P_Death.uasset" 256
"../../../../../../GameDev/ISTA451/3DGame/Exploration/Content/ThirdPersonBP/Blueprints/Animation/Anims/Player_Player_Arma_P_JumpAir.uasset" 257
"../../../../../../GameDev/ISTA451/3DGame/Exploration/Content/ThirdPersonBP/Blueprints/Animation/Anims/Player_Player_Arma_P_JumpDown.uasset" 258
"../../../../../../GameDev/ISTA451/3DGame/Exploration/Content/ThirdPersonBP/Blueprints/Animation/Anims/Player_Player_Arma_P_JumpUp.uasset" 259
"../../../../../../GameDev/ISTA451/3DGame/Exploration/Content/ThirdPersonBP/Blueprints/Animation/Anims/Player_Player_Arma_P_Pickup.uasset" 260
"../../../../../../GameDev/ISTA451/3DGame/Exploration/Content/ThirdPersonBP/Blueprints/Animation/Player_Player_Arma_P_Activate.uasset" 261
"../../../../../../GameDev/ISTA451/3DGame/Exploration/Content/ThirdPersonBP/Blueprints/Animation/Player_Player_Arma_P_Dodging.uasset" 262
"../../../../../../GameDev/ISTA451/3DGame/Exploration/Content/ThirdPersonBP/Blueprints/Animation/Anims/Player_Player_Arma_P_CarryBWalk.uasset" 263
"../../../../../../GameDev/ISTA451/3DGame/Exploration/Content/ThirdPersonBP/Blueprints/Animation/Anims/Player_Player_Arma_P_CarryIdle.uasset" 264
"../../../../../../GameDev/ISTA451/3DGame/Exploration/Content/ThirdPersonBP/Blueprints/Animation/Anims/Player_Player_Arma_P_CarryWalk.uasset" 265
"../../../../../../GameDev/ISTA451/3DGame/Exploration/Content/ThirdPersonBP/Blueprints/Animation/Player_CarryIdleWalk.uasset" 266
"../../../../../../GameDev/ISTA451/3DGame/Exploration/Content/ThirdPersonBP/Blueprints/Animation/Player_Player_Arma_P_BWalk.uasset" 267
"../../../../../../GameDev/ISTA451/3DGame/Exploration/Content/ThirdPersonBP/Blueprints/Animation/Player_Player_Arma_P_Idle.uasset" 268
"../../../../../../GameDev/ISTA451/3DGame/Exploration/Content/ThirdPersonBP/Blueprints/Animation/Player_Player_Arma_P_Walk.uasset" 269
"../../../../../../GameDev/ISTA451/3DGame/Exploration/Content/ThirdPersonBP/Blueprints/Animation/Player_IdleWalkRun.uasset" 270
"../../../../../../GameDev/ISTA451/3DGame/Exploration/Content/ThirdPersonBP/Blueprints/Animation/Player_AnimBP.uasset" 271
"../../../../../../GameDev/ISTA451/3DGame/Exploration/Content/ThirdPersonBP/Blueprints/Animation/BlurMat.uasset" 272
"../../../../../../GameDev/ISTA451/3DGame/Exploration/Content/ThirdPersonBP/Blueprints/Animation/Material_002.uasset" 273
"../../../../../../GameDev/ISTA451/3DGame/Exploration/Content/ThirdPersonBP/Blueprints/Animation/Afterimage.uasset" 274
"../../../../../../GameDev/ISTA451/3DGame/Exploration/Content/ThirdPersonBP/Blueprints/Afterimage.uasset" 275
"../../../../../../GameDev/ISTA451/3DGame/Exploration/Content/ThirdPersonBP/Blueprints/P_Inst.uasset" 276
"../../../../../../GameDev/ISTA451/3DGame/Exploration/Content/ThirdPersonBP/Blueprints/Animation/Player.uasset" 277
"../../../../../../GameDev/ISTA451/3DGame/Exploration/Content/ThirdPersonBP/Blueprints/ThirdPersonCharacter.uasset" 278
"../../../../../../GameDev/ISTA451/3DGame/Exploration/Content/ThirdPersonBP/Blueprints/ThirdPersonGameMode.uasset" 279
"../../../Engine/Content/BasicShapes/Plane.uasset" 280
"../../../../../../GameDev/ISTA451/3DGame/Exploration/Content/Interactables/Meshes/Wall.uasset" 281
"../../../../../../GameDev/ISTA451/3DGame/Exploration/Content/Interactables/Meshes/WallCorner.uasset" 282
"../../../../../../GameDev/ISTA451/3DGame/Exploration/Content/Interactables/Meshes/WallCross.uasset" 283
"../../../../../../GameDev/ISTA451/3DGame/Exploration/Content/Interactables/Meshes/WallEnd.uasset" 284
"../../../../../../GameDev/ISTA451/3DGame/Exploration/Content/Interactables/Meshes/WallT.uasset" 285
"../../../../../../GameDev/ISTA451/3DGame/Exploration/Content/Materials/WhiteCubemap.uasset" 286
"../../../../../../GameDev/ISTA451/3DGame/Exploration/Content/ThirdPersonBP/Maps/Level0.umap" 287
"../../../../../../GameDev/ISTA451/3DGame/Exploration/Content/Interactables/Meshes/FoundationRamp.uasset" 288
"../../../../../../GameDev/ISTA451/3DGame/Exploration/Content/Interactables/Meshes/FullFoundation.uasset" 289
"../../../../../../GameDev/ISTA451/3DGame/Exploration/Content/Interactables/Meshes/HalfFoundation.uasset" 290
"../../../../../../GameDev/ISTA451/3DGame/Exploration/Content/ThirdPersonBP/Maps/Level1.umap" 291
"../../../../../../GameDev/ISTA451/3DGame/Exploration/Content/Obstacles/Meshes/Material_004.uasset" 292
"../../../../../../GameDev/ISTA451/3DGame/Exploration/Content/Obstacles/Meshes/Material_005.uasset" 293
"../../../../../../GameDev/ISTA451/3DGame/Exploration/Content/Obstacles/Meshes/RotatingBlade.uasset" 294
"../../../../../../GameDev/ISTA451/3DGame/Exploration/Content/Obstacles/SwingingBlade.uasset" 295
"../../../../../../GameDev/ISTA451/3DGame/Exploration/Content/Interactables/Meshes/Bridge.uasset" 296
"../../../../../../GameDev/ISTA451/3DGame/Exploration/Content/ThirdPersonBP/Maps/Level2.umap" 297
"../../../../../../GameDev/ISTA451/3DGame/Exploration/Content/ThirdPersonBP/Maps/Level3.umap" 298
"../../../../../../GameDev/ISTA451/3DGame/Exploration/Content/Interactables/TimedButton.uasset" 299
"../../../../../../GameDev/ISTA451/3DGame/Exploration/Content/ThirdPersonBP/Maps/Level4.umap" 300
"../../../../../../GameDev/ISTA451/3DGame/Exploration/Content/Interactables/Meshes/Material1.uasset" 301
"../../../../../../GameDev/ISTA451/3DGame/Exploration/Content/Interactables/BridgeSection.uasset" 302
"../../../../../../GameDev/ISTA451/3DGame/Exploration/Content/Interactables/BridgeButton.uasset" 303
"../../../../../../GameDev/ISTA451/3DGame/Exploration/Content/Obstacles/Meshes/Boulder.uasset" 304
"../../../../../../GameDev/ISTA451/3DGame/Exploration/Content/Obstacles/Boulder.uasset" 305
"../../../../../../GameDev/ISTA451/3DGame/Exploration/Content/Interactables/Meshes/Material_006.uasset" 306
"../../../../../../GameDev/ISTA451/3DGame/Exploration/Content/Interactables/Meshes/Material_007.uasset" 307
"../../../../../../GameDev/ISTA451/3DGame/Exploration/Content/Interactables/Meshes/BoulderSpawn.uasset" 308
"../../../../../../GameDev/ISTA451/3DGame/Exploration/Content/Obstacles/Boulder_Spawn.uasset" 309
"../../../../../../GameDev/ISTA451/3DGame/Exploration/Content/Interactables/Meshes/BoulderRamp.uasset" 310
"../../../../../../GameDev/ISTA451/3DGame/Exploration/Content/ThirdPersonBP/Maps/Level5.umap" 311
"../../../../../../GameDev/ISTA451/3DGame/Exploration/Content/ThirdPersonBP/Maps/Level6.umap" 312
"../../../../../../GameDev/ISTA451/3DGame/Exploration/Content/ThirdPersonBP/Maps/Level7.umap" 313
"../../../../../../GameDev/ISTA451/3DGame/Exploration/Content/ThirdPersonBP/Maps/ThirdPersonExampleMap_BuiltData.uasset" 314
"../../../../../../GameDev/ISTA451/3DGame/Exploration/Content/ThirdPersonBP/Maps/ThirdPersonExampleMap.umap" 315
"../../../Engine/Content/Maps/Entry_BuiltData.uasset" 316
"../../../Engine/Content/Maps/Entry.umap" 317
