Log file open, 10/15/18 12:49:35
LogWindows: Failed to load 'aqProf.dll' (GetLastError=126)
LogWindows: File 'aqProf.dll' does not exist
LogWindows: Failed to load 'VtuneApi.dll' (GetLastError=126)
LogWindows: File 'VtuneApi.dll' does not exist
LogWindows: Failed to load 'VtuneApi32e.dll' (GetLastError=126)
LogWindows: File 'VtuneApi32e.dll' does not exist
LogInit: Display: Running engine for game: Exploration
LogPlatformFile: Not using cached read wrapper
LogTaskGraph: Started task graph with 5 named threads and 23 total threads with 3 sets of task threads.
LogStats: Stats thread started at 0.363602
LogD3D11RHI: Loaded GFSDK_Aftermath_Lib.x64.dll
LogICUInternationalization: Display: ICU TimeZone Detection - Raw Offset: -7:00, Platform Override: ''
LogPluginManager: Mounting plugin Paper2D
LogPluginManager: Mounting plugin AISupport
LogPluginManager: Mounting plugin LightPropagationVolume
LogPluginManager: Mounting plugin CLionSourceCodeAccess
LogPluginManager: Mounting plugin CodeLiteSourceCodeAccess
LogPluginManager: Mounting plugin GitSourceControl
LogPluginManager: Mounting plugin KDevelopSourceCodeAccess
LogPluginManager: Mounting plugin NullSourceCodeAccess
LogPluginManager: Mounting plugin PerforceSourceControl
LogPluginManager: Mounting plugin SubversionSourceControl
LogPluginManager: Mounting plugin UObjectPlugin
LogPluginManager: Mounting plugin VisualStudioCodeSourceCodeAccess
LogPluginManager: Mounting plugin VisualStudioSourceCodeAccess
LogPluginManager: Mounting plugin XCodeSourceCodeAccess
LogPluginManager: Mounting plugin AssetManagerEditor
LogPluginManager: Mounting plugin CryptoKeys
LogPluginManager: Mounting plugin DataValidation
LogPluginManager: Mounting plugin FacialAnimation
LogPluginManager: Mounting plugin GameplayTagsEditor
LogPluginManager: Mounting plugin MacGraphicsSwitching
LogPluginManager: Mounting plugin MeshEditor
LogPluginManager: Mounting plugin MobileLauncherProfileWizard
LogPluginManager: Mounting plugin PluginBrowser
LogPluginManager: Mounting plugin SpeedTreeImporter
LogPluginManager: Mounting plugin DatasmithContent
LogPluginManager: Mounting plugin AlembicImporter
LogPluginManager: Mounting plugin AppleImageUtils
LogPluginManager: Mounting plugin AppleVision
LogPluginManager: Mounting plugin BackChannel
LogPluginManager: Mounting plugin CharacterAI
LogPluginManager: Mounting plugin GeometryCache
LogPluginManager: Mounting plugin HTML5Networking
LogPluginManager: Mounting plugin ProxyLODPlugin
LogPluginManager: Mounting plugin MagicLeap
LogPluginManager: Mounting plugin MagicLeapEmulator
LogPluginManager: Mounting plugin MagicLeapMedia
LogPluginManager: Mounting plugin AndroidMedia
LogPluginManager: Mounting plugin AvfMedia
LogPluginManager: Mounting plugin ImgMedia
LogPluginManager: Mounting plugin LinearTimecode
LogPluginManager: Mounting plugin MediaCompositing
LogPluginManager: Mounting plugin MediaPlayerEditor
LogPluginManager: Mounting plugin WmfMedia
LogPluginManager: Mounting plugin TcpMessaging
LogPluginManager: Mounting plugin UdpMessaging
LogPluginManager: Mounting plugin ActorSequence
LogPluginManager: Mounting plugin LevelSequenceEditor
LogPluginManager: Mounting plugin MatineeToLevelSequence
LogPluginManager: Mounting plugin NetcodeUnitTest
LogPluginManager: Mounting plugin NUTUnrealEngine4
LogPluginManager: Mounting plugin OnlineSubsystemGooglePlay
LogPluginManager: Mounting plugin OnlineSubsystemIOS
LogPluginManager: Mounting plugin OnlineSubsystem
LogPluginManager: Mounting plugin OnlineSubsystemNull
LogPluginManager: Mounting plugin OnlineSubsystemUtils
LogPluginManager: Mounting plugin LauncherChunkInstaller
LogPluginManager: Mounting plugin AndroidDeviceProfileSelector
LogPluginManager: Mounting plugin AndroidMoviePlayer
LogPluginManager: Mounting plugin AndroidPermission
LogPluginManager: Mounting plugin AppleMoviePlayer
LogPluginManager: Mounting plugin ArchVisCharacter
LogPluginManager: Mounting plugin AudioCapture
LogPluginManager: Mounting plugin CableComponent
LogPluginManager: Mounting plugin CustomMeshComponent
LogPluginManager: Mounting plugin EditableMesh
LogPluginManager: Mounting plugin ExampleDeviceProfileSelector
LogPluginManager: Mounting plugin GoogleCloudMessaging
LogPluginManager: Mounting plugin ImmediatePhysics
LogPluginManager: Mounting plugin IOSDeviceProfileSelector
LogPluginManager: Mounting plugin LinuxDeviceProfileSelector
LogPluginManager: Mounting plugin LocationServicesBPLibrary
LogPluginManager: Mounting plugin MobilePatchingUtils
LogPluginManager: Mounting plugin OculusVR
LogPluginManager: Plugin shader directory ../../../Engine/Plugins/Runtime/Oculus/OculusVR/Shaders found
LogPluginManager: Mapping shader source directory ../../../Engine/Plugins/Runtime/Oculus/OculusVR/Shaders to virtual directory /Plugin/OculusVR
LogPluginManager: Mounting plugin PhysXVehicles
LogPluginManager: Mounting plugin ProceduralMeshComponent
LogPluginManager: Mounting plugin RuntimePhysXCooking
LogPluginManager: Mounting plugin SteamVR
LogPluginManager: Mounting plugin WindowsMoviePlayer
LogStreaming: Display: Took  0.375s to configure plugins.
LogInit: Using libcurl 7.55.1-DEV
LogInit:  - built for x86_64-pc-win32
LogInit:  - supports SSL with OpenSSL/1.0.2h
LogInit:  - supports HTTP deflate (compression) using libz 1.2.8
LogInit:  - other features:
LogInit:      CURL_VERSION_SSL
LogInit:      CURL_VERSION_LIBZ
LogInit:      CURL_VERSION_IPV6
LogInit:      CURL_VERSION_ASYNCHDNS
LogInit:      CURL_VERSION_LARGEFILE
LogInit:      CURL_VERSION_IDN
LogInit:  CurlRequestOptions (configurable via config and command line):
LogInit:  - bVerifyPeer = false  - Libcurl will NOT verify peer certificate
LogInit:  - bUseHttpProxy = false  - Libcurl will NOT use HTTP proxy
LogInit:  - bDontReuseConnections = false  - Libcurl will reuse connections
LogInit:  - CertBundlePath = nullptr  - Libcurl will use whatever was configured at build time.
LogInit:  - MaxHostConnections = 16  - Libcurl will limit the number of connections to a host
LogInit:  - LocalHostAddr = Default
LogInit:  - BufferSize = 65536
LogInit: WinSock: version 1.1 (2.2), MaxSocks=32767, MaxUdp=65467
LogInit: Build: ++UE4+Release-4.20-CL-4302132
LogInit: Engine Version: 4.20.2-4302132+++UE4+Release-4.20
LogInit: Compatible Engine Version: 4.20.0-4212847+++UE4+Release-4.20
LogInit: Net CL: 4212847
LogInit: OS: Windows 10 (), CPU: Intel(R) Core(TM) i7-4790K CPU @ 4.00GHz, GPU: NVIDIA GeForce GTX 1080
LogInit: Compiled (64-bit): Aug 21 2018 02:06:06
LogInit: Compiled with Visual C++: 19.13.26129.00
LogInit: Build Configuration: Development
LogInit: Branch Name: ++UE4+Release-4.20
LogInit: Command Line:  
LogInit: Base Directory: C:/Program Files/Epic Games/UE_4.20/Engine/Binaries/Win64/
LogInit: Installed Engine Build: 1
LogDevObjectVersion: Number of dev versions registered: 20
LogDevObjectVersion:   Dev-Blueprints (B0D832E4-1F89-4F0D-ACCF-7EB736FD4AA2): 10
LogDevObjectVersion:   Dev-Build (E1C64328-A22C-4D53-A36C-8E866417BD8C): 0
LogDevObjectVersion:   Dev-Core (375EC13C-06E4-48FB-B500-84F0262A717E): 2
LogDevObjectVersion:   Dev-Editor (E4B068ED-F494-42E9-A231-DA0B2E46BB41): 24
LogDevObjectVersion:   Dev-Framework (CFFC743F-43B0-4480-9391-14DF171D2073): 34
LogDevObjectVersion:   Dev-Mobile (B02B49B5-BB20-44E9-A304-32B752E40360): 2
LogDevObjectVersion:   Dev-Networking (A4E4105C-59A1-49B5-A7C5-40C4547EDFEE): 0
LogDevObjectVersion:   Dev-Online (39C831C9-5AE6-47DC-9A44-9C173E1C8E7C): 0
LogDevObjectVersion:   Dev-Physics (78F01B33-EBEA-4F98-B9B4-84EACCB95AA2): 0
LogDevObjectVersion:   Dev-Platform (6631380F-2D4D-43E0-8009-CF276956A95A): 0
LogDevObjectVersion:   Dev-Rendering (12F88B9F-8875-4AFC-A67C-D90C383ABD29): 26
LogDevObjectVersion:   Dev-Sequencer (7B5AE74C-D270-4C10-A958-57980B212A5A): 9
LogDevObjectVersion:   Dev-VR (D7296918-1DD6-4BDD-9DE2-64A83CC13884): 2
LogDevObjectVersion:   Dev-LoadTimes (C2A15278-BFE7-4AFE-6C17-90FF531DF755): 1
LogDevObjectVersion:   Private-Geometry (6EACA3D4-40EC-4CC1-B786-8BED09428FC5): 3
LogDevObjectVersion:   Dev-AnimPhys (29E575DD-E0A3-4627-9D10-D276232CDCEA): 17
LogDevObjectVersion:   Dev-ReflectionCapture (6B266CEC-1EC7-4B8F-A30B-E4D90942FC07): 1
LogDevObjectVersion:   Dev-Automation (0DF73D61-A23F-47EA-B727-89E90C41499A): 1
LogDevObjectVersion:   FortniteMain (601D1886-AC64-4F84-AA16-D3DE0DEAC7D6): 12
LogDevObjectVersion:   Dev-Enterprise (9DFFBCD6-494F-0158-E221-12823C92A888): 1
LogStreaming: Display: Took  0.002s to delete old logs.
LogInit: Presizing for max 8388607 objects, including 0 objects not considered by GC, pre-allocating 0 bytes for permanent pool.
LogInit: Object subsystem initialized
[2018.10.15-19.49.35:872][  0]LogInit: Selected Device Profile: [Windows]
[2018.10.15-19.49.35:872][  0]LogInit: Applying CVar settings loaded from the selected device profile: [Windows]
[2018.10.15-19.49.35:891][  0]LogHAL: Display: Platform has ~ 24 GB [25709907968 / 34359738368 / 24], which maps to Larger [LargestMinGB=32, LargerMinGB=12, DefaultMinGB=8, SmallerMinGB=6, SmallestMinGB=0)
[2018.10.15-19.49.35:891][  0]LogInit: Setting Device Profile CVar: [[r.Vulkan.UseRealUBs:1]]
[2018.10.15-19.49.35:891][  0]LogInit: Going up to parent DeviceProfile []
[2018.10.15-19.49.35:892][  0]LogInit: Computer: DESKTOP-6DAELIS
[2018.10.15-19.49.35:892][  0]LogInit: User: Jason
[2018.10.15-19.49.35:892][  0]LogInit: CPU Page size=4096, Cores=4
[2018.10.15-19.49.35:892][  0]LogInit: High frequency timer resolution =3.913041 MHz
[2018.10.15-19.49.35:892][  0]LogMemory: Memory total: Physical=23.9GB (24GB approx)
[2018.10.15-19.49.35:892][  0]LogMemory: Platform Memory Stats for Windows
[2018.10.15-19.49.35:892][  0]LogMemory: Process Physical Memory: 100.98 MB used, 100.98 MB peak
[2018.10.15-19.49.35:892][  0]LogMemory: Process Virtual Memory: 89.36 MB used, 89.36 MB peak
[2018.10.15-19.49.35:892][  0]LogMemory: Physical Memory: 8194.30 MB used,  16324.58 MB free, 24518.88 MB total
[2018.10.15-19.49.35:892][  0]LogMemory: Virtual Memory: 4638.88 MB used,  16324.58 MB free, 134217728.00 MB total
[2018.10.15-19.49.35:954][  0]LogInit: Using OS detected language (en-US).
[2018.10.15-19.49.35:954][  0]LogInit: Using OS detected locale (en-US).
[2018.10.15-19.49.35:958][  0]LogTextLocalizationManager: No specific localization for 'en-US' exists, so the 'en' localization will be used.
[2018.10.15-19.49.36:327][  0]LogStreaming: Display: Took  0.374s to InitEngineTextLocalization.
[2018.10.15-19.49.36:327][  0]LogInit: Setting process to per monitor DPI aware
[2018.10.15-19.49.36:434][  0]LogSlate: New Slate User Created.  User Index 0, Is Virtual User: 0
[2018.10.15-19.49.36:434][  0]LogSlate: Slate User Registered.  User Index 0, Is Virtual User: 0
[2018.10.15-19.49.37:080][  0]LogHMD: Failed to initialize OpenVR with code 126
[2018.10.15-19.49.37:080][  0]LogD3D11RHI: D3D11 adapters:
[2018.10.15-19.49.37:200][  0]LogD3D11RHI:    0. 'NVIDIA GeForce GTX 1080' (Feature Level 11_0)
[2018.10.15-19.49.37:200][  0]LogD3D11RHI:       8079/0/12259 MB DedicatedVideo/DedicatedSystem/SharedSystem, Outputs:2, VendorId:0x10de
[2018.10.15-19.49.37:291][  0]LogD3D11RHI:    1. 'NVIDIA GeForce GTX 1080' (Feature Level 11_0)
[2018.10.15-19.49.37:291][  0]LogD3D11RHI:       8079/0/12259 MB DedicatedVideo/DedicatedSystem/SharedSystem, Outputs:1, VendorId:0x10de
[2018.10.15-19.49.37:296][  0]LogD3D11RHI:    2. 'Microsoft Basic Render Driver' (Feature Level 11_0)
[2018.10.15-19.49.37:296][  0]LogD3D11RHI:       0/0/12259 MB DedicatedVideo/DedicatedSystem/SharedSystem, Outputs:0, VendorId:0x1414
[2018.10.15-19.49.37:296][  0]LogD3D11RHI: Chosen D3D11 Adapter: 0
[2018.10.15-19.49.37:309][  0]LogD3D11RHI: Creating new Direct3DDevice
[2018.10.15-19.49.37:309][  0]LogD3D11RHI:     GPU DeviceId: 0x1b80 (for the marketing name, search the web for "GPU Device Id")
[2018.10.15-19.49.37:309][  0]LogWindows: EnumDisplayDevices:
[2018.10.15-19.49.37:309][  0]LogWindows:    0. 'NVIDIA GeForce GTX 1080' (P:1 D:1)
[2018.10.15-19.49.37:310][  0]LogWindows:    1. 'NVIDIA GeForce GTX 1080' (P:0 D:1)
[2018.10.15-19.49.37:310][  0]LogWindows:    2. 'NVIDIA GeForce GTX 1080' (P:0 D:0)
[2018.10.15-19.49.37:311][  0]LogWindows:    3. 'NVIDIA GeForce GTX 1080' (P:0 D:0)
[2018.10.15-19.49.37:312][  0]LogWindows:    4. 'NVIDIA GeForce GTX 1080' (P:0 D:1)
[2018.10.15-19.49.37:312][  0]LogWindows:    5. 'NVIDIA GeForce GTX 1080' (P:0 D:0)
[2018.10.15-19.49.37:313][  0]LogWindows:    6. 'NVIDIA GeForce GTX 1080' (P:0 D:0)
[2018.10.15-19.49.37:313][  0]LogWindows:    7. 'NVIDIA GeForce GTX 1080' (P:0 D:0)
[2018.10.15-19.49.37:314][  0]LogWindows: DebugString: FoundDriverCount:8 
[2018.10.15-19.49.37:314][  0]LogD3D11RHI:     Adapter Name: NVIDIA GeForce GTX 1080
[2018.10.15-19.49.37:314][  0]LogD3D11RHI:   Driver Version: 398.36 (internal:24.21.13.9836, unified:398.36)
[2018.10.15-19.49.37:314][  0]LogD3D11RHI:      Driver Date: 6-24-2018
[2018.10.15-19.49.37:314][  0]LogRHI: Texture pool is 5655 MB (70% of 8079 MB)
[2018.10.15-19.49.37:384][  0]LogD3D11RHI: Async texture creation enabled
[2018.10.15-19.49.37:424][  0]LogD3D11RHI: GPU Timing Frequency: 1000.000000 (Debug: 2 2)
[2018.10.15-19.49.37:484][  0]LogShaderCompilers: Guid format shader working directory is -16 characters bigger than the processId version (E:/JasonsStuff/College/GameDesign/ISTA 451/3DGame/Exploration/Intermediate/Shaders/WorkingDirectory/15132/).
[2018.10.15-19.49.37:484][  0]LogShaderCompilers: Cleaned the shader compiler working directory 'C:/Users/Jason/AppData/Local/Temp/UnrealShaderWorkingDir/8A663AA14D21D253DB5DF0BE71BBA970/'.
[2018.10.15-19.49.37:937][  0]LogTemp: Display: Loaded TP AllDesktopTargetPlatform
[2018.10.15-19.49.37:954][  0]LogTemp: Display: Loaded TP MacClientTargetPlatform
[2018.10.15-19.49.37:972][  0]LogTemp: Display: Loaded TP MacNoEditorTargetPlatform
[2018.10.15-19.49.37:992][  0]LogTemp: Display: Loaded TP MacServerTargetPlatform
[2018.10.15-19.49.38:012][  0]LogTemp: Display: Loaded TP MacTargetPlatform
[2018.10.15-19.49.38:031][  0]LogTemp: Display: Loaded TP WindowsClientTargetPlatform
[2018.10.15-19.49.38:049][  0]LogTemp: Display: Loaded TP WindowsNoEditorTargetPlatform
[2018.10.15-19.49.38:072][  0]LogTemp: Display: Loaded TP WindowsServerTargetPlatform
[2018.10.15-19.49.38:083][  0]LogTemp: Display: Loaded TP WindowsTargetPlatform
[2018.10.15-19.49.38:174][  0]LogTemp: Display: Loaded TP AndroidTargetPlatform
[2018.10.15-19.49.38:174][  0]LogTemp: Display: Loaded TP AndroidTargetPlatform
[2018.10.15-19.49.38:174][  0]LogTemp: Display: Loaded TP AndroidTargetPlatform
[2018.10.15-19.49.38:174][  0]LogTemp: Display: Loaded TP AndroidTargetPlatform
[2018.10.15-19.49.38:174][  0]LogTemp: Display: Loaded TP AndroidTargetPlatform
[2018.10.15-19.49.38:174][  0]LogTemp: Display: Loaded TP AndroidTargetPlatform
[2018.10.15-19.49.38:174][  0]LogTemp: Display: Loaded TP AndroidTargetPlatform
[2018.10.15-19.49.38:174][  0]LogTemp: Display: Loaded TP AndroidTargetPlatform
[2018.10.15-19.49.38:174][  0]LogTemp: Display: Loaded TP AndroidTargetPlatform
[2018.10.15-19.49.38:174][  0]LogTemp: Display: Loaded TP AndroidTargetPlatform
[2018.10.15-19.49.38:174][  0]LogTemp: Display: Loaded TP AndroidTargetPlatform
[2018.10.15-19.49.38:174][  0]LogTemp: Display: Loaded TP AndroidTargetPlatform
[2018.10.15-19.49.38:174][  0]LogTemp: Display: Loaded TP AndroidTargetPlatform
[2018.10.15-19.49.38:174][  0]LogTemp: Display: Loaded TP AndroidTargetPlatform
[2018.10.15-19.49.38:174][  0]LogTemp: Display: Loaded TP AndroidTargetPlatform
[2018.10.15-19.49.38:174][  0]LogTemp: Display: Loaded TP AndroidTargetPlatform
[2018.10.15-19.49.38:174][  0]LogTemp: Display: Loaded TP AndroidTargetPlatform
[2018.10.15-19.49.38:174][  0]LogTemp: Display: Loaded TP AndroidTargetPlatform
[2018.10.15-19.49.38:181][  0]LogTemp: Display: Loaded TP HTML5TargetPlatform
[2018.10.15-19.49.38:255][  0]LogTemp: Display: Loaded TP IOSTargetPlatform
[2018.10.15-19.49.38:255][  0]LogTemp: Display: Loaded TP IOSTargetPlatform
[2018.10.15-19.49.38:283][  0]LogTemp: Display: Loaded TP TVOSTargetPlatform
[2018.10.15-19.49.38:283][  0]LogTemp: Display: Loaded TP TVOSTargetPlatform
[2018.10.15-19.49.38:298][  0]LogTemp: Display: Loaded TP LinuxClientTargetPlatform
[2018.10.15-19.49.38:315][  0]LogTemp: Display: Loaded TP LinuxNoEditorTargetPlatform
[2018.10.15-19.49.38:330][  0]LogTemp: Display: Loaded TP LinuxServerTargetPlatform
[2018.10.15-19.49.38:348][  0]LogTemp: Display: Loaded TP LinuxTargetPlatform
[2018.10.15-19.49.38:360][  0]LogTemp: Display: Loaded TP LuminTargetPlatform
[2018.10.15-19.49.38:360][  0]LogTargetPlatformManager: Display: Building Assets For Windows
[2018.10.15-19.49.38:534][  0]LogXGEController: Cleaning working directory: C:/Users/Jason/AppData/Local/Temp/UnrealXGEWorkingDir/
[2018.10.15-19.49.38:535][  0]LogXGEController: Cannot use XGE Controller as Incredibuild is not installed on this machine.
[2018.10.15-19.49.38:535][  0]LogShaderCompilers: Cannot use XGE Shader Compiler as Incredibuild is not installed on this machine.
[2018.10.15-19.49.38:535][  0]LogShaderCompilers: Display: Using Local Shader Compiler.
[2018.10.15-19.49.39:851][  0]LogDerivedDataCache: Display: Max Cache Size: 512 MB
[2018.10.15-19.49.39:994][  0]LogDerivedDataCache: Loaded boot cache 0.14s 71MB C:/Users/Jason/AppData/Local/UnrealEngine/4.20/DerivedDataCache/Boot.ddc.
[2018.10.15-19.49.39:997][  0]LogDerivedDataCache: Display: Loaded Boot cache: C:/Users/Jason/AppData/Local/UnrealEngine/4.20/DerivedDataCache/Boot.ddc
[2018.10.15-19.49.39:997][  0]LogDerivedDataCache: FDerivedDataBackendGraph:  Pak pak cache file E:/JasonsStuff/College/GameDesign/ISTA 451/3DGame/Exploration/DerivedDataCache/DDC.ddp not found, will not use a pak cache.
[2018.10.15-19.49.39:997][  0]LogDerivedDataCache: Unable to find inner node Pak for hierarchical cache Hierarchy.
[2018.10.15-19.49.39:997][  0]LogDerivedDataCache: FDerivedDataBackendGraph:  CompressedPak pak cache file E:/JasonsStuff/College/GameDesign/ISTA 451/3DGame/Exploration/DerivedDataCache/Compressed.ddp not found, will not use a pak cache.
[2018.10.15-19.49.39:997][  0]LogDerivedDataCache: Unable to find inner node CompressedPak for hierarchical cache Hierarchy.
[2018.10.15-19.49.40:008][  0]LogDerivedDataCache: Display: Pak cache opened for reading ../../../Engine/DerivedDataCache/Compressed.ddp.
[2018.10.15-19.49.40:023][  0]LogDerivedDataCache: Using Local data cache path C:/Users/Jason/AppData/Local/UnrealEngine/Common/DerivedDataCache: Writable
[2018.10.15-19.49.40:023][  0]LogDerivedDataCache: Shared data cache path not found in *engine.ini, will not use an Shared cache.
[2018.10.15-19.49.40:023][  0]LogDerivedDataCache: Unable to find inner node Shared for hierarchical cache Hierarchy.
[2018.10.15-19.49.40:040][  0]LogMaterial: Verifying Global Shaders for PCD3D_SM5
[2018.10.15-19.49.40:041][  0]LogSlate: Using FreeType 2.6.0
[2018.10.15-19.49.40:042][  0]LogSlate: SlateFontServices - WITH_FREETYPE: 1, WITH_HARFBUZZ: 1
[2018.10.15-19.49.40:152][  0]LogAssetRegistry: FAssetRegistry took 0.0269 seconds to start up
[2018.10.15-19.49.40:590][  0]LogInit: Selected Device Profile: [Windows]
[2018.10.15-19.49.40:796][  0]LogSimplygon: Simplygon DLL not present - disabling.
[2018.10.15-19.49.40:808][  0]LogMeshReduction: Using SimplygonSwarm for distributed automatic mesh merging
[2018.10.15-19.49.40:808][  0]LogMeshReduction: Using ProxyLODMeshReduction for automatic mesh merging
[2018.10.15-19.49.40:808][  0]LogMeshReduction: Using QuadricMeshReduction for automatic static mesh reduction
[2018.10.15-19.49.40:808][  0]LogMeshReduction: No automatic skeletal mesh reduction module available
[2018.10.15-19.49.40:903][  0]LogNetVersion: Exploration 1.0.0, NetCL: 4212847, EngineNetVer: 5, GameNetVer: 0 (Checksum: 3404714051)
[2018.10.15-19.49.41:864][  0]LogPackageLocalizationCache: Processed 11 localized package path(s) for 2 prioritized culture(s) in 0.279921 seconds
[2018.10.15-19.49.41:870][  0]LogUObjectArray: 38425 objects as part of root set at end of initial load.
[2018.10.15-19.49.41:870][  0]LogUObjectAllocator: 6690872 out of 0 bytes used by permanent object pool.
[2018.10.15-19.49.41:870][  0]LogUObjectArray: CloseDisregardForGC: 0/0 objects in disregard for GC pool
[2018.10.15-19.49.43:352][  0]LogTcpMessaging: Initializing TcpMessaging bridge
[2018.10.15-19.49.43:366][  0]LogUdpMessaging: Initializing bridge on interface 0.0.0.0:0 to multicast group 230.0.0.1:6666.
[2018.10.15-19.49.43:585][  0]SourceControl: Source control is disabled
[2018.10.15-19.49.43:585][  0]SourceControl: Source control is disabled
[2018.10.15-19.49.43:589][  0]SourceControl: Source control is disabled
[2018.10.15-19.49.43:594][  0]SourceControl: Source control is disabled
[2018.10.15-19.49.43:876][  0]LogAndroidPermission: UAndroidPermissionCallbackProxy::GetInstance
[2018.10.15-19.49.44:405][  0]LogOcInput: OculusInput pre-init called
[2018.10.15-19.49.44:488][  0]LogEngine: Initializing Engine...
[2018.10.15-19.49.44:550][  0]LogHMD: Failed to initialize OpenVR with code 126
[2018.10.15-19.49.44:552][  0]LogStats: UGameplayTagsManager::ConstructGameplayTagTree: ImportINI prefixes -  0.000 s
[2018.10.15-19.49.44:552][  0]LogStats: UGameplayTagsManager::ConstructGameplayTagTree: Construct from data asset -  0.000 s
[2018.10.15-19.49.44:552][  0]LogStats: UGameplayTagsManager::ConstructGameplayTagTree: ImportINI -  0.000 s
[2018.10.15-19.49.44:552][  0]LogStats: UGameplayTagsManager::ConstructGameplayTagTree: GameplayTagTreeChangedEvent.Broadcast -  0.000 s
[2018.10.15-19.49.44:860][  0]LogInit: Initializing FReadOnlyCVARCache
[2018.10.15-19.49.44:894][  0]LogAIModule: Creating AISystem for world Untitled
[2018.10.15-19.49.45:018][  0]LogInit: XAudio2 using 'Speakers (Realtek High Definition Audio)' : 2 channels at 48 kHz using 32 bits per sample (channel mask 0x3)
[2018.10.15-19.49.45:112][  0]LogInit: FAudioDevice initialized.
[2018.10.15-19.49.45:112][  0]LogNetVersion: Set ProjectVersion to 1.0.0.0. Version Checksum will be recalculated on next use.
[2018.10.15-19.49.45:203][  0]LogDerivedDataCache: Saved boot cache 0.09s 71MB C:/Users/Jason/AppData/Local/UnrealEngine/4.20/DerivedDataCache/Boot.ddc.
[2018.10.15-19.49.45:263][  0]LogInit: Texture streaming: Enabled
[2018.10.15-19.49.45:308][  0]LogEngineSessionManager: EngineSessionManager initialized
[2018.10.15-19.49.45:344][  0]LogInit: Transaction tracking system initialized
[2018.10.15-19.49.45:416][  0]BlueprintLog: New page: Editor Load
[2018.10.15-19.49.45:616][  0]LocalizationService: Localization service is disabled
[2018.10.15-19.49.45:720][  0]LogLinker: Warning: Can't find file '/Game/RollingBP/RollingOverview'
[2018.10.15-19.49.45:721][  0]LogLinker: Warning: Can't find file '/Game/RollingBP/RollingOverview'
[2018.10.15-19.49.45:721][  0]LogUObjectGlobals: Warning: Failed to find object 'Class /Game/RollingBP/RollingOverview.RollingOverview_C'
[2018.10.15-19.49.46:126][  0]LogCook: Display: Max memory allowance for cook 16384mb min free memory 0mb
[2018.10.15-19.49.46:126][  0]LogCook: Display: Mobile HDR setting 1
[2018.10.15-19.49.46:126][  0]LogGameplayTags: Display: UGameplayTagsManager::DoneAddingNativeTags. DelegateIsBound: 0
[2018.10.15-19.49.46:126][  0]LogStats: UGameplayTagsManager::ConstructGameplayTagTree: ImportINI prefixes -  0.000 s
[2018.10.15-19.49.46:127][  0]LogStats: UGameplayTagsManager::ConstructGameplayTagTree: Construct from data asset -  0.000 s
[2018.10.15-19.49.46:127][  0]LogStats: UGameplayTagsManager::ConstructGameplayTagTree: ImportINI -  0.000 s
[2018.10.15-19.49.46:127][  0]LogStats: UGameplayTagsManager::ConstructGameplayTagTree: GameplayTagTreeChangedEvent.Broadcast -  0.000 s
[2018.10.15-19.49.46:426][  0]LogFileCache: Scanning file cache for directory 'E:/JasonsStuff/College/GameDesign/ISTA 451/3DGame/Exploration/Content/' took 0.02s
[2018.10.15-19.49.46:426][  0]SourceControl: Source control is disabled
[2018.10.15-19.49.46:426][  0]Cmd: MAP LOAD FILE="E:/JasonsStuff/College/GameDesign/ISTA 451/3DGame/Exploration/Content/ThirdPersonBP/Maps/ThirdPersonExampleMap.umap" TEMPLATE=0 SHOWPROGRESS=1 FEATURELEVEL=3
[2018.10.15-19.49.46:427][  0]LightingResults: New page: Lighting Build
[2018.10.15-19.49.46:434][  0]MapCheck: New page: Map Check
[2018.10.15-19.49.46:434][  0]LightingResults: New page: Lighting Build
[2018.10.15-19.49.46:969][  0]LogAIModule: Creating AISystem for world ThirdPersonExampleMap
[2018.10.15-19.49.46:981][  0]LogEditorServer: Finished looking for orphan Actors (0.000 secs)
[2018.10.15-19.49.47:010][  0]Cmd: MAP CHECKDEP NOCLEARLOG
[2018.10.15-19.49.47:350][  0]MapCheck: Map check complete: 0 Error(s), 0 Warning(s), took 340.429ms to complete.
[2018.10.15-19.49.47:350][  0]LogFileHelpers: Loading map 'ThirdPersonExampleMap' took 0.925
[2018.10.15-19.49.47:688][  0]LogSlate: Updating window title bar state: overlay mode, drag disabled, window buttons hidden, title bar hidden
[2018.10.15-19.49.47:701][  0]LogSlate: Updating window title bar state: overlay mode, drag disabled, window buttons hidden, title bar hidden
[2018.10.15-19.49.47:715][  0]LogSlate: Updating window title bar state: overlay mode, drag disabled, window buttons hidden, title bar hidden
[2018.10.15-19.49.47:725][  0]LogSlate: Updating window title bar state: overlay mode, drag disabled, window buttons hidden, title bar hidden
[2018.10.15-19.49.47:756][  0]LogCollectionManager: Loaded 0 collections in 0.005275 seconds
[2018.10.15-19.49.47:870][  0]LogFileCache: Scanning file cache for directory 'E:/JasonsStuff/College/GameDesign/ISTA 451/3DGame/Exploration/Saved/Collections/' took 0.01s
[2018.10.15-19.49.47:870][  0]LogFileCache: Scanning file cache for directory 'E:/JasonsStuff/College/GameDesign/ISTA 451/3DGame/Exploration/Content/Developers/Jason/Collections/' took 0.01s
[2018.10.15-19.49.47:870][  0]LogFileCache: Scanning file cache for directory 'E:/JasonsStuff/College/GameDesign/ISTA 451/3DGame/Exploration/Content/Collections/' took 0.01s
[2018.10.15-19.49.47:870][  0]LogCollectionManager: Rebuilt the GUID cache for 0 collections in 0.000000 seconds
[2018.10.15-19.49.47:881][  0]LogContentBrowser: Native class hierarchy populated in 0.0114 seconds. Added 2574 classes and 606 folders.
[2018.10.15-19.49.47:900][  0]LogContentBrowser: Native class hierarchy updated for 'WidgetCarousel' in 0.0003 seconds. Added 0 classes and 0 folders.
[2018.10.15-19.49.48:120][  0]LogContentBrowser: Native class hierarchy updated for 'AddContentDialog' in 0.0003 seconds. Added 0 classes and 0 folders.
[2018.10.15-19.49.48:132][  0]LogContentBrowser: Native class hierarchy updated for 'SceneOutliner' in 0.0005 seconds. Added 1 classes and 2 folders.
[2018.10.15-19.49.48:201][  0]LogSlate: Took 0.000576 seconds to synchronously load lazily loaded font '../../../Engine/Content/Slate/Fonts/Roboto-Regular.ttf' (155K)
[2018.10.15-19.49.48:203][  0]LogSlate: Took 0.000483 seconds to synchronously load lazily loaded font '../../../Engine/Content/Slate/Fonts/Roboto-Bold.ttf' (160K)
[2018.10.15-19.49.48:208][  0]LogSlate: Took 0.000494 seconds to synchronously load lazily loaded font '../../../Engine/Content/Editor/Slate/Fonts/FontAwesome.ttf' (139K)
[2018.10.15-19.49.48:310][  0]LogRenderer: Reallocating scene render targets to support 1240x616 Format 10 NumSamples 1 (Frame:1).
[2018.10.15-19.49.48:497][  0]LogContentBrowser: Native class hierarchy updated for 'HierarchicalLODOutliner' in 0.0004 seconds. Added 0 classes and 0 folders.
[2018.10.15-19.49.48:497][  0]LogLoad: (Engine Initialization) Total time: 19.33 seconds
[2018.10.15-19.49.48:497][  0]LogLoad: (Engine Initialization) Total Blueprint compile time: 0.00 seconds
[2018.10.15-19.49.48:536][  0]LogContentStreaming: Texture pool size now 1000 MB
[2018.10.15-19.49.48:566][  0]LogSlate: Took 0.000461 seconds to synchronously load lazily loaded font '../../../Engine/Content/Slate/Fonts/Roboto-Light.ttf' (167K)
[2018.10.15-19.49.48:632][  1]LogAssetRegistry: Asset discovery search completed in 8.5027 seconds
[2018.10.15-19.49.48:634][  1]LogCollectionManager: Rebuilt the object cache for 0 collections in 0.000001 seconds (found 0 objects)
[2018.10.15-19.49.48:634][  1]LogCollectionManager: Fixed up redirectors for 0 collections in 0.000130 seconds (updated 0 objects)
[2018.10.15-19.49.50:185][130]LogSlate: FSceneViewport::OnFocusLost() reason 0
[2018.10.15-19.49.54:197][597]LogScript: Warning: Accessed None trying to read property CallFunc_TryGetPawnOwner_ReturnValue
	Player_AnimBP_C /Engine/Transient.World_2:PersistentLevel.SkeletalMeshActor_0.SkeletalMeshComponent0.Player_AnimBP_C_0
	Function /Game/ThirdPersonBP/Blueprints/Animation/Player_AnimBP.Player_AnimBP_C:ExecuteUbergraph_Player_AnimBP:0069
[2018.10.15-19.50.09:209][341]LogSlate: Took 0.000496 seconds to synchronously load lazily loaded font '../../../Engine/Content/Slate/Fonts/Roboto-Light.ttf' (167K)
[2018.10.15-19.50.09:222][341]LogFactory: FactoryCreateFile: StaticMesh with FbxFactory (0 0 E:\JasonsStuff\College\GameDesign\ISTA 451\3DGame\3DGameAssets\FBXs\Player.fbx)
[2018.10.15-19.50.09:267][341]LogFbx: Loading FBX Scene from E:\JasonsStuff\College\GameDesign\ISTA 451\3DGame\3DGameAssets\FBXs\Player.fbx
[2018.10.15-19.50.09:317][341]LogFbx: FBX Scene Loaded Succesfully
[2018.10.15-19.50.19:656][341]LogSlate: Window 'FBX Import Options' being destroyed
[2018.10.15-19.50.19:683][341]LogFbx: =================================================
[2018.10.15-19.50.19:683][341]LogFbx: Dumping Node START [Player_Mesh] 
[2018.10.15-19.50.19:683][341]LogFbx: 	Total Deformer Count 1998781632.
[2018.10.15-19.50.19:683][341]LogFbx: 		[Node 1] Player_Arma (Type Skin).
[2018.10.15-19.50.19:683][341]LogFbx: =================================================
[2018.10.15-19.50.19:683][341]LogFbx: 	Attribute (Icosphere) Type (4).
[2018.10.15-19.50.19:683][341]LogFbx: 		[Node Attribute Child 1] Player_Mesh (Type Mesh).
[2018.10.15-19.50.19:683][341]LogFbx: Dumping Node END [Player_Mesh]
[2018.10.15-19.50.19:683][341]LogFbx: =================================================
[2018.10.15-19.50.19:683][341]LogFbx: Dumping Node START [Player_Mesh] 
[2018.10.15-19.50.19:683][341]LogFbx: 	Total Deformer Count 1998781632.
[2018.10.15-19.50.19:683][341]LogFbx: 		[Node 1] Player_Arma (Type Skin).
[2018.10.15-19.50.19:683][341]LogFbx: =================================================
[2018.10.15-19.50.19:683][341]LogFbx: 	Attribute (Icosphere) Type (4).
[2018.10.15-19.50.19:683][341]LogFbx: 		[Node Attribute Child 1] Player_Mesh (Type Mesh).
[2018.10.15-19.50.19:683][341]LogFbx: Dumping Node END [Player_Mesh]
[2018.10.15-19.50.19:684][341]LogFbx: SortedLinks :(0) Player_Arma
[2018.10.15-19.50.19:684][341]LogFbx: SortedLinks :(1) Root
[2018.10.15-19.50.19:684][341]LogFbx: SortedLinks :(2) Torso
[2018.10.15-19.50.19:684][341]LogFbx: SortedLinks :(3) Neck
[2018.10.15-19.50.19:684][341]LogFbx: SortedLinks :(4) Head
[2018.10.15-19.50.19:684][341]LogFbx: SortedLinks :(5) RBicep
[2018.10.15-19.50.19:684][341]LogFbx: SortedLinks :(6) RForearm
[2018.10.15-19.50.19:684][341]LogFbx: SortedLinks :(7) Hips
[2018.10.15-19.50.19:684][341]LogFbx: SortedLinks :(8) RThigh
[2018.10.15-19.50.19:684][341]LogFbx: SortedLinks :(9) RCalf
[2018.10.15-19.50.19:684][341]LogFbx: SortedLinks :(10) LThigh
[2018.10.15-19.50.19:684][341]LogFbx: SortedLinks :(11) LCalf
[2018.10.15-19.50.19:684][341]LogFbx: SortedLinks :(12) LBicep
[2018.10.15-19.50.19:684][341]LogFbx: SortedLinks :(13) LForearm
[2018.10.15-19.50.19:684][341]LogFbx: SortedLinks :(14) RKnee
[2018.10.15-19.50.19:684][341]LogFbx: SortedLinks :(15) RFootIK
[2018.10.15-19.50.19:684][341]LogFbx: SortedLinks :(16) RHandIK
[2018.10.15-19.50.19:684][341]LogFbx: SortedLinks :(17) RElbow
[2018.10.15-19.50.19:684][341]LogFbx: SortedLinks :(18) LKnee
[2018.10.15-19.50.19:684][341]LogFbx: SortedLinks :(19) LFootIK
[2018.10.15-19.50.19:684][341]LogFbx: SortedLinks :(20) LHandIK
[2018.10.15-19.50.19:684][341]LogFbx: SortedLinks :(21) LElbow
[2018.10.15-19.50.19:684][341]LogFbx: SortedLinks :(0) Player_Arma
[2018.10.15-19.50.19:684][341]LogFbx: SortedLinks :(1) Root
[2018.10.15-19.50.19:684][341]LogFbx: SortedLinks :(2) Torso
[2018.10.15-19.50.19:684][341]LogFbx: SortedLinks :(3) Neck
[2018.10.15-19.50.19:684][341]LogFbx: SortedLinks :(4) Head
[2018.10.15-19.50.19:684][341]LogFbx: SortedLinks :(5) RBicep
[2018.10.15-19.50.19:685][341]LogFbx: SortedLinks :(6) RForearm
[2018.10.15-19.50.19:685][341]LogFbx: SortedLinks :(7) Hips
[2018.10.15-19.50.19:685][341]LogFbx: SortedLinks :(8) RThigh
[2018.10.15-19.50.19:685][341]LogFbx: SortedLinks :(9) RCalf
[2018.10.15-19.50.19:685][341]LogFbx: SortedLinks :(10) LThigh
[2018.10.15-19.50.19:685][341]LogFbx: SortedLinks :(11) LCalf
[2018.10.15-19.50.19:685][341]LogFbx: SortedLinks :(12) LBicep
[2018.10.15-19.50.19:685][341]LogFbx: SortedLinks :(13) LForearm
[2018.10.15-19.50.19:685][341]LogFbx: SortedLinks :(14) RKnee
[2018.10.15-19.50.19:685][341]LogFbx: SortedLinks :(15) RFootIK
[2018.10.15-19.50.19:685][341]LogFbx: SortedLinks :(16) RHandIK
[2018.10.15-19.50.19:685][341]LogFbx: SortedLinks :(17) RElbow
[2018.10.15-19.50.19:685][341]LogFbx: SortedLinks :(18) LKnee
[2018.10.15-19.50.19:685][341]LogFbx: SortedLinks :(19) LFootIK
[2018.10.15-19.50.19:685][341]LogFbx: SortedLinks :(20) LHandIK
[2018.10.15-19.50.19:685][341]LogFbx: SortedLinks :(21) LElbow
[2018.10.15-19.50.19:685][341]LogFbx: SortedLinks :(0) Player_Arma
[2018.10.15-19.50.19:685][341]LogFbx: SortedLinks :(1) Root
[2018.10.15-19.50.19:685][341]LogFbx: SortedLinks :(2) Torso
[2018.10.15-19.50.19:685][341]LogFbx: SortedLinks :(3) Neck
[2018.10.15-19.50.19:685][341]LogFbx: SortedLinks :(4) Head
[2018.10.15-19.50.19:685][341]LogFbx: SortedLinks :(5) RBicep
[2018.10.15-19.50.19:685][341]LogFbx: SortedLinks :(6) RForearm
[2018.10.15-19.50.19:685][341]LogFbx: SortedLinks :(7) Hips
[2018.10.15-19.50.19:685][341]LogFbx: SortedLinks :(8) RThigh
[2018.10.15-19.50.19:685][341]LogFbx: SortedLinks :(9) RCalf
[2018.10.15-19.50.19:685][341]LogFbx: SortedLinks :(10) LThigh
[2018.10.15-19.50.19:685][341]LogFbx: SortedLinks :(11) LCalf
[2018.10.15-19.50.19:685][341]LogFbx: SortedLinks :(12) LBicep
[2018.10.15-19.50.19:685][341]LogFbx: SortedLinks :(13) LForearm
[2018.10.15-19.50.19:685][341]LogFbx: SortedLinks :(14) RKnee
[2018.10.15-19.50.19:685][341]LogFbx: SortedLinks :(15) RFootIK
[2018.10.15-19.50.19:685][341]LogFbx: SortedLinks :(16) RHandIK
[2018.10.15-19.50.19:685][341]LogFbx: SortedLinks :(17) RElbow
[2018.10.15-19.50.19:685][341]LogFbx: SortedLinks :(18) LKnee
[2018.10.15-19.50.19:685][341]LogFbx: SortedLinks :(19) LFootIK
[2018.10.15-19.50.19:685][341]LogFbx: SortedLinks :(20) LHandIK
[2018.10.15-19.50.19:685][341]LogFbx: SortedLinks :(21) LElbow
[2018.10.15-19.50.19:685][341]LogFbx: SortedLinks :(0) Player_Arma
[2018.10.15-19.50.19:685][341]LogFbx: SortedLinks :(1) Root
[2018.10.15-19.50.19:685][341]LogFbx: SortedLinks :(2) Torso
[2018.10.15-19.50.19:685][341]LogFbx: SortedLinks :(3) Neck
[2018.10.15-19.50.19:685][341]LogFbx: SortedLinks :(4) Head
[2018.10.15-19.50.19:685][341]LogFbx: SortedLinks :(5) RBicep
[2018.10.15-19.50.19:685][341]LogFbx: SortedLinks :(6) RForearm
[2018.10.15-19.50.19:685][341]LogFbx: SortedLinks :(7) Hips
[2018.10.15-19.50.19:685][341]LogFbx: SortedLinks :(8) RThigh
[2018.10.15-19.50.19:685][341]LogFbx: SortedLinks :(9) RCalf
[2018.10.15-19.50.19:685][341]LogFbx: SortedLinks :(10) LThigh
[2018.10.15-19.50.19:685][341]LogFbx: SortedLinks :(11) LCalf
[2018.10.15-19.50.19:685][341]LogFbx: SortedLinks :(12) LBicep
[2018.10.15-19.50.19:685][341]LogFbx: SortedLinks :(13) LForearm
[2018.10.15-19.50.19:685][341]LogFbx: SortedLinks :(14) RKnee
[2018.10.15-19.50.19:685][341]LogFbx: SortedLinks :(15) RFootIK
[2018.10.15-19.50.19:685][341]LogFbx: SortedLinks :(16) RHandIK
[2018.10.15-19.50.19:685][341]LogFbx: SortedLinks :(17) RElbow
[2018.10.15-19.50.19:685][341]LogFbx: SortedLinks :(18) LKnee
[2018.10.15-19.50.19:685][341]LogFbx: SortedLinks :(19) LFootIK
[2018.10.15-19.50.19:686][341]LogFbx: SortedLinks :(20) LHandIK
[2018.10.15-19.50.19:686][341]LogFbx: SortedLinks :(21) LElbow
[2018.10.15-19.50.19:686][341]LogFbx: SortedLinks :(0) Player_Arma
[2018.10.15-19.50.19:686][341]LogFbx: SortedLinks :(1) Root
[2018.10.15-19.50.19:686][341]LogFbx: SortedLinks :(2) Torso
[2018.10.15-19.50.19:686][341]LogFbx: SortedLinks :(3) Neck
[2018.10.15-19.50.19:686][341]LogFbx: SortedLinks :(4) Head
[2018.10.15-19.50.19:686][341]LogFbx: SortedLinks :(5) RBicep
[2018.10.15-19.50.19:686][341]LogFbx: SortedLinks :(6) RForearm
[2018.10.15-19.50.19:686][341]LogFbx: SortedLinks :(7) Hips
[2018.10.15-19.50.19:686][341]LogFbx: SortedLinks :(8) RThigh
[2018.10.15-19.50.19:686][341]LogFbx: SortedLinks :(9) RCalf
[2018.10.15-19.50.19:686][341]LogFbx: SortedLinks :(10) LThigh
[2018.10.15-19.50.19:687][341]LogFbx: SortedLinks :(11) LCalf
[2018.10.15-19.50.19:687][341]LogFbx: SortedLinks :(12) LBicep
[2018.10.15-19.50.19:687][341]LogFbx: SortedLinks :(13) LForearm
[2018.10.15-19.50.19:687][341]LogFbx: SortedLinks :(14) RKnee
[2018.10.15-19.50.19:687][341]LogFbx: SortedLinks :(15) RFootIK
[2018.10.15-19.50.19:687][341]LogFbx: SortedLinks :(16) RHandIK
[2018.10.15-19.50.19:687][341]LogFbx: SortedLinks :(17) RElbow
[2018.10.15-19.50.19:687][341]LogFbx: SortedLinks :(18) LKnee
[2018.10.15-19.50.19:687][341]LogFbx: SortedLinks :(19) LFootIK
[2018.10.15-19.50.19:687][341]LogFbx: SortedLinks :(20) LHandIK
[2018.10.15-19.50.19:687][341]LogFbx: SortedLinks :(21) LElbow
[2018.10.15-19.50.19:687][341]LogFbx: SortedLinks :(0) Player_Arma
[2018.10.15-19.50.19:687][341]LogFbx: SortedLinks :(1) Root
[2018.10.15-19.50.19:687][341]LogFbx: SortedLinks :(2) Torso
[2018.10.15-19.50.19:687][341]LogFbx: SortedLinks :(3) Neck
[2018.10.15-19.50.19:687][341]LogFbx: SortedLinks :(4) Head
[2018.10.15-19.50.19:688][341]LogFbx: SortedLinks :(5) RBicep
[2018.10.15-19.50.19:688][341]LogFbx: SortedLinks :(6) RForearm
[2018.10.15-19.50.19:688][341]LogFbx: SortedLinks :(7) Hips
[2018.10.15-19.50.19:688][341]LogFbx: SortedLinks :(8) RThigh
[2018.10.15-19.50.19:688][341]LogFbx: SortedLinks :(9) RCalf
[2018.10.15-19.50.19:688][341]LogFbx: SortedLinks :(10) LThigh
[2018.10.15-19.50.19:688][341]LogFbx: SortedLinks :(11) LCalf
[2018.10.15-19.50.19:688][341]LogFbx: SortedLinks :(12) LBicep
[2018.10.15-19.50.19:688][341]LogFbx: SortedLinks :(13) LForearm
[2018.10.15-19.50.19:688][341]LogFbx: SortedLinks :(14) RKnee
[2018.10.15-19.50.19:688][341]LogFbx: SortedLinks :(15) RFootIK
[2018.10.15-19.50.19:688][341]LogFbx: SortedLinks :(16) RHandIK
[2018.10.15-19.50.19:688][341]LogFbx: SortedLinks :(17) RElbow
[2018.10.15-19.50.19:688][341]LogFbx: SortedLinks :(18) LKnee
[2018.10.15-19.50.19:688][341]LogFbx: SortedLinks :(19) LFootIK
[2018.10.15-19.50.19:688][341]LogFbx: SortedLinks :(20) LHandIK
[2018.10.15-19.50.19:688][341]LogFbx: SortedLinks :(21) LElbow
[2018.10.15-19.50.19:696][341]LogFbx: Parsing AnimStack Player_Arma|DefaultAnim
[2018.10.15-19.50.19:701][341]LogLinker: Can't find file '/Game/ThirdPersonBP/Blueprints/Animation/Anims/Player_Player_Arma_DefaultAnim'
[2018.10.15-19.50.19:702][341]LogLinker: Can't find file '/Game/ThirdPersonBP/Blueprints/Animation/Anims/Player_Player_Arma_DefaultAnim'
[2018.10.15-19.50.19:755][341]LogAnimationCompression: Building Anim DDC data for AnimSequence /Game/ThirdPersonBP/Blueprints/Animation/Anims/Player_Player_Arma_DefaultAnim.Player_Player_Arma_DefaultAnim
[2018.10.15-19.50.19:756][341]LogAnimationCompression: Recompressing (AnimSequence /Engine/Transient.Player_Player_Arma_DefaultAnim) using current/default (AnimCompress_BitwiseCompressOnly_0) bFirstRecompressUsingCurrentOrDefault(1) bTryAlternateCompressor(0) IsCompressedDataValid(0)
[2018.10.15-19.50.19:769][341]LogScript: Warning: Accessed None trying to read property CallFunc_TryGetPawnOwner_ReturnValue
	Player_AnimBP_C /Engine/Transient.World_2:PersistentLevel.SkeletalMeshActor_0.SkeletalMeshComponent0.Player_AnimBP_C_0
	Function /Game/ThirdPersonBP/Blueprints/Animation/Player_AnimBP.Player_AnimBP_C:ExecuteUbergraph_Player_AnimBP:0069
[2018.10.15-19.50.19:769][341]LogFbx: Parsing AnimStack Player_Arma|P_Activate
[2018.10.15-19.50.19:774][341]LogLinker: Can't find file '/Game/ThirdPersonBP/Blueprints/Animation/Anims/Player_Player_Arma_P_Activate'
[2018.10.15-19.50.19:774][341]LogLinker: Can't find file '/Game/ThirdPersonBP/Blueprints/Animation/Anims/Player_Player_Arma_P_Activate'
[2018.10.15-19.50.19:878][341]LogAnimationCompression: Building Anim DDC data for AnimSequence /Game/ThirdPersonBP/Blueprints/Animation/Anims/Player_Player_Arma_P_Activate.Player_Player_Arma_P_Activate
[2018.10.15-19.50.19:878][341]LogAnimationCompression: Recompressing (AnimSequence /Engine/Transient.Player_Player_Arma_P_Activate) using current/default (AnimCompress_BitwiseCompressOnly_0) bFirstRecompressUsingCurrentOrDefault(1) bTryAlternateCompressor(0) IsCompressedDataValid(0)
[2018.10.15-19.50.19:885][341]LogScript: Warning: Accessed None trying to read property CallFunc_TryGetPawnOwner_ReturnValue
	Player_AnimBP_C /Engine/Transient.World_2:PersistentLevel.SkeletalMeshActor_0.SkeletalMeshComponent0.Player_AnimBP_C_0
	Function /Game/ThirdPersonBP/Blueprints/Animation/Player_AnimBP.Player_AnimBP_C:ExecuteUbergraph_Player_AnimBP:0069
[2018.10.15-19.50.19:885][341]LogFbx: Parsing AnimStack Player_Arma|P_BWalk
[2018.10.15-19.50.19:888][341]LogLinker: Can't find file '/Game/ThirdPersonBP/Blueprints/Animation/Anims/Player_Player_Arma_P_BWalk'
[2018.10.15-19.50.19:888][341]LogLinker: Can't find file '/Game/ThirdPersonBP/Blueprints/Animation/Anims/Player_Player_Arma_P_BWalk'
[2018.10.15-19.50.19:941][341]LogAnimationCompression: Building Anim DDC data for AnimSequence /Game/ThirdPersonBP/Blueprints/Animation/Anims/Player_Player_Arma_P_BWalk.Player_Player_Arma_P_BWalk
[2018.10.15-19.50.19:942][341]LogAnimationCompression: Recompressing (AnimSequence /Engine/Transient.Player_Player_Arma_P_BWalk) using current/default (AnimCompress_BitwiseCompressOnly_0) bFirstRecompressUsingCurrentOrDefault(1) bTryAlternateCompressor(0) IsCompressedDataValid(0)
[2018.10.15-19.50.19:948][341]LogScript: Warning: Accessed None trying to read property CallFunc_TryGetPawnOwner_ReturnValue
	Player_AnimBP_C /Engine/Transient.World_2:PersistentLevel.SkeletalMeshActor_0.SkeletalMeshComponent0.Player_AnimBP_C_0
	Function /Game/ThirdPersonBP/Blueprints/Animation/Player_AnimBP.Player_AnimBP_C:ExecuteUbergraph_Player_AnimBP:0069
[2018.10.15-19.50.19:949][341]LogFbx: Parsing AnimStack Player_Arma|P_Idle
[2018.10.15-19.50.19:952][341]LogLinker: Can't find file '/Game/ThirdPersonBP/Blueprints/Animation/Anims/Player_Player_Arma_P_Idle'
[2018.10.15-19.50.19:952][341]LogLinker: Can't find file '/Game/ThirdPersonBP/Blueprints/Animation/Anims/Player_Player_Arma_P_Idle'
[2018.10.15-19.50.20:051][341]LogAnimationCompression: Building Anim DDC data for AnimSequence /Game/ThirdPersonBP/Blueprints/Animation/Anims/Player_Player_Arma_P_Idle.Player_Player_Arma_P_Idle
[2018.10.15-19.50.20:051][341]LogAnimationCompression: Recompressing (AnimSequence /Engine/Transient.Player_Player_Arma_P_Idle) using current/default (AnimCompress_BitwiseCompressOnly_0) bFirstRecompressUsingCurrentOrDefault(1) bTryAlternateCompressor(0) IsCompressedDataValid(0)
[2018.10.15-19.50.20:060][341]LogScript: Warning: Accessed None trying to read property CallFunc_TryGetPawnOwner_ReturnValue
	Player_AnimBP_C /Engine/Transient.World_2:PersistentLevel.SkeletalMeshActor_0.SkeletalMeshComponent0.Player_AnimBP_C_0
	Function /Game/ThirdPersonBP/Blueprints/Animation/Player_AnimBP.Player_AnimBP_C:ExecuteUbergraph_Player_AnimBP:0069
[2018.10.15-19.50.20:061][341]LogFbx: Parsing AnimStack Player_Arma|P_Walk
[2018.10.15-19.50.20:064][341]LogLinker: Can't find file '/Game/ThirdPersonBP/Blueprints/Animation/Anims/Player_Player_Arma_P_Walk'
[2018.10.15-19.50.20:065][341]LogLinker: Can't find file '/Game/ThirdPersonBP/Blueprints/Animation/Anims/Player_Player_Arma_P_Walk'
[2018.10.15-19.50.20:110][341]LogAnimationCompression: Building Anim DDC data for AnimSequence /Game/ThirdPersonBP/Blueprints/Animation/Anims/Player_Player_Arma_P_Walk.Player_Player_Arma_P_Walk
[2018.10.15-19.50.20:110][341]LogAnimationCompression: Recompressing (AnimSequence /Engine/Transient.Player_Player_Arma_P_Walk) using current/default (AnimCompress_BitwiseCompressOnly_0) bFirstRecompressUsingCurrentOrDefault(1) bTryAlternateCompressor(0) IsCompressedDataValid(0)
[2018.10.15-19.50.20:117][341]LogScript: Warning: Accessed None trying to read property CallFunc_TryGetPawnOwner_ReturnValue
	Player_AnimBP_C /Engine/Transient.World_2:PersistentLevel.SkeletalMeshActor_0.SkeletalMeshComponent0.Player_AnimBP_C_0
	Function /Game/ThirdPersonBP/Blueprints/Animation/Player_AnimBP.Player_AnimBP_C:ExecuteUbergraph_Player_AnimBP:0069
[2018.10.15-19.50.20:118][341]LogFbx: Parsing AnimStack Player_Arma|Player_ArmaAction
[2018.10.15-19.50.20:119][341]LogLinker: Can't find file '/Game/ThirdPersonBP/Blueprints/Animation/Anims/Player_Player_Arma_Player_ArmaAction'
[2018.10.15-19.50.20:119][341]LogLinker: Can't find file '/Game/ThirdPersonBP/Blueprints/Animation/Anims/Player_Player_Arma_Player_ArmaAction'
[2018.10.15-19.50.20:136][341]LogAnimationCompression: Building Anim DDC data for AnimSequence /Game/ThirdPersonBP/Blueprints/Animation/Anims/Player_Player_Arma_Player_ArmaAction.Player_Player_Arma_Player_ArmaAction
[2018.10.15-19.50.20:136][341]LogAnimationCompression: Recompressing (AnimSequence /Engine/Transient.Player_Player_Arma_Player_ArmaAction) using current/default (AnimCompress_BitwiseCompressOnly_0) bFirstRecompressUsingCurrentOrDefault(1) bTryAlternateCompressor(0) IsCompressedDataValid(0)
[2018.10.15-19.50.20:144][341]LogScript: Warning: Accessed None trying to read property CallFunc_TryGetPawnOwner_ReturnValue
	Player_AnimBP_C /Engine/Transient.World_2:PersistentLevel.SkeletalMeshActor_0.SkeletalMeshComponent0.Player_AnimBP_C_0
	Function /Game/ThirdPersonBP/Blueprints/Animation/Player_AnimBP.Player_AnimBP_C:ExecuteUbergraph_Player_AnimBP:0069
[2018.10.15-19.50.25:512][906]Cmd: DELETE
[2018.10.15-19.50.25:512][906]Cmd: ACTOR DELETE
[2018.10.15-19.50.25:516][906]LogEditorActor: Deleted Actor: SkeletalMeshActor
[2018.10.15-19.50.25:535][906]LogEditorActor: Deleted 1 Actors (0.022 secs)
[2018.10.15-19.50.27:549][143]LogSlate: FSceneViewport::OnFocusLost() reason 0
[2018.10.15-19.50.36:459][156]LogAssetEditorManager: Opening Asset editor for AnimBlueprint /Game/ThirdPersonBP/Blueprints/Animation/Player_AnimBP.Player_AnimBP
[2018.10.15-19.50.36:518][156]LogContentBrowser: Native class hierarchy updated for 'SkeletonEditor' in 0.0003 seconds. Added 1 classes and 2 folders.
[2018.10.15-19.50.36:783][156]LogActorComponent: RegisterComponentWithWorld: (/Engine/Transient.World_7:PersistentLevel.AnimationEditorPreviewActor_0.DebugSkelMeshComponent_0) Already registered. Aborting.
[2018.10.15-19.50.36:784][156]LogScript: Warning: Accessed None trying to read property CallFunc_TryGetPawnOwner_ReturnValue
	Player_AnimBP_C /Engine/Transient.World_7:PersistentLevel.AnimationEditorPreviewActor_0.DebugSkelMeshComponent_0.Player_AnimBP_C_0
	Function /Game/ThirdPersonBP/Blueprints/Animation/Player_AnimBP.Player_AnimBP_C:ExecuteUbergraph_Player_AnimBP:0069
[2018.10.15-19.50.36:799][156]LogContentBrowser: Native class hierarchy updated for 'PinnedCommandList' in 0.0004 seconds. Added 1 classes and 0 folders.
[2018.10.15-19.50.37:609][156]LogContentBrowser: Native class hierarchy updated for 'BlueprintGraph' in 0.0012 seconds. Added 116 classes and 0 folders.
[2018.10.15-19.50.38:729][156]LogScript: Warning: Accessed None trying to read property CallFunc_TryGetPawnOwner_ReturnValue
	Player_AnimBP_C /Engine/Transient.World_7:PersistentLevel.AnimationEditorPreviewActor_0.DebugSkelMeshComponent_0.Player_AnimBP_C_0
	Function /Game/ThirdPersonBP/Blueprints/Animation/Player_AnimBP.Player_AnimBP_C:ExecuteUbergraph_Player_AnimBP:0069
[2018.10.15-19.50.38:742][156]LogSlate: Took 0.000503 seconds to synchronously load lazily loaded font '../../../Engine/Content/Slate/Fonts/Roboto-BoldCondensed.ttf' (158K)
[2018.10.15-19.50.38:807][156]LogContentBrowser: Native class hierarchy updated for 'ClothingSystemEditorInterface' in 0.0003 seconds. Added 1 classes and 0 folders.
[2018.10.15-19.50.38:849][156]LogRenderer: Reallocating scene render targets to support 1240x624 Format 10 NumSamples 1 (Frame:1).
[2018.10.15-19.50.38:855][157]LogScript: Warning: Accessed None trying to read property CallFunc_TryGetPawnOwner_ReturnValue
	Player_AnimBP_C /Engine/Transient.World_7:PersistentLevel.AnimationEditorPreviewActor_0.DebugSkelMeshComponent_0.Player_AnimBP_C_0
	Function /Game/ThirdPersonBP/Blueprints/Animation/Player_AnimBP.Player_AnimBP_C:ExecuteUbergraph_Player_AnimBP:0069
[2018.10.15-19.50.38:868][158]LogScript: Warning: Accessed None trying to read property CallFunc_TryGetPawnOwner_ReturnValue
	Player_AnimBP_C /Engine/Transient.World_7:PersistentLevel.AnimationEditorPreviewActor_0.DebugSkelMeshComponent_0.Player_AnimBP_C_0
	Function /Game/ThirdPersonBP/Blueprints/Animation/Player_AnimBP.Player_AnimBP_C:ExecuteUbergraph_Player_AnimBP:0069
[2018.10.15-19.50.38:890][159]LogScript: Warning: Accessed None trying to read property CallFunc_TryGetPawnOwner_ReturnValue
	Player_AnimBP_C /Engine/Transient.World_7:PersistentLevel.AnimationEditorPreviewActor_0.DebugSkelMeshComponent_0.Player_AnimBP_C_0
	Function /Game/ThirdPersonBP/Blueprints/Animation/Player_AnimBP.Player_AnimBP_C:ExecuteUbergraph_Player_AnimBP:0069
[2018.10.15-19.50.38:905][160]LogScript: Warning: Accessed None trying to read property CallFunc_TryGetPawnOwner_ReturnValue
	Player_AnimBP_C /Engine/Transient.World_7:PersistentLevel.AnimationEditorPreviewActor_0.DebugSkelMeshComponent_0.Player_AnimBP_C_0
	Function /Game/ThirdPersonBP/Blueprints/Animation/Player_AnimBP.Player_AnimBP_C:ExecuteUbergraph_Player_AnimBP:0069
[2018.10.15-19.50.38:918][161]LogScript: Warning: Accessed None trying to read property CallFunc_TryGetPawnOwner_ReturnValue
	Player_AnimBP_C /Engine/Transient.World_7:PersistentLevel.AnimationEditorPreviewActor_0.DebugSkelMeshComponent_0.Player_AnimBP_C_0
	Function /Game/ThirdPersonBP/Blueprints/Animation/Player_AnimBP.Player_AnimBP_C:ExecuteUbergraph_Player_AnimBP:0069
[2018.10.15-19.50.38:939][162]LogScript: Warning: Accessed None trying to read property CallFunc_TryGetPawnOwner_ReturnValue
	Player_AnimBP_C /Engine/Transient.World_7:PersistentLevel.AnimationEditorPreviewActor_0.DebugSkelMeshComponent_0.Player_AnimBP_C_0
	Function /Game/ThirdPersonBP/Blueprints/Animation/Player_AnimBP.Player_AnimBP_C:ExecuteUbergraph_Player_AnimBP:0069
[2018.10.15-19.50.38:952][163]LogScript: Warning: Accessed None trying to read property CallFunc_TryGetPawnOwner_ReturnValue
	Player_AnimBP_C /Engine/Transient.World_7:PersistentLevel.AnimationEditorPreviewActor_0.DebugSkelMeshComponent_0.Player_AnimBP_C_0
	Function /Game/ThirdPersonBP/Blueprints/Animation/Player_AnimBP.Player_AnimBP_C:ExecuteUbergraph_Player_AnimBP:0069
[2018.10.15-19.50.38:963][164]LogScript: Warning: Accessed None trying to read property CallFunc_TryGetPawnOwner_ReturnValue
	Player_AnimBP_C /Engine/Transient.World_7:PersistentLevel.AnimationEditorPreviewActor_0.DebugSkelMeshComponent_0.Player_AnimBP_C_0
	Function /Game/ThirdPersonBP/Blueprints/Animation/Player_AnimBP.Player_AnimBP_C:ExecuteUbergraph_Player_AnimBP:0069
[2018.10.15-19.50.41:276][370]LogSlate: Window 'Player_AnimBP' being destroyed
[2018.10.15-19.50.50:479][678]LogSlate: Window 'Replace References?' being destroyed
[2018.10.15-19.50.50:481][678]LogSlate: Window 'Delete Assets' being destroyed
[2018.10.15-19.50.53:067][678]LogSlate: Window 'Save Content' being destroyed
[2018.10.15-19.50.53:209][678]LogSavePackage: Moving 'E:/JasonsStuff/College/GameDesign/ISTA 451/3DGame/Exploration/Saved/Player_Anim_Player_Arma_P_Walk4C1CA823442B9FD50E5C199AE1093F2E.tmp' to 'E:/JasonsStuff/College/GameDesign/ISTA 451/3DGame/Exploration/Content/ThirdPersonBP/Blueprints/Animation/Player_Anim_Player_Arma_P_Walk.uasset'
[2018.10.15-19.50.53:288][678]LogSavePackage: Moving 'E:/JasonsStuff/College/GameDesign/ISTA 451/3DGame/Exploration/Saved/Player_IdleWalkRunF93C488E4EFEEE7DFF001B993DC43664.tmp' to 'E:/JasonsStuff/College/GameDesign/ISTA 451/3DGame/Exploration/Content/ThirdPersonBP/Blueprints/Animation/Player_IdleWalkRun.uasset'
[2018.10.15-19.50.59:554][751]LogSlate: Window 'Replace References?' being destroyed
[2018.10.15-19.50.59:557][751]LogSlate: Window 'Delete Assets' being destroyed
[2018.10.15-19.51.01:296][751]LogSlate: Window 'Save Content' being destroyed
[2018.10.15-19.51.01:418][751]LogSavePackage: Moving 'E:/JasonsStuff/College/GameDesign/ISTA 451/3DGame/Exploration/Saved/Player_Anim_Player_Arma_DefaultA59828FFA4BEA8B7143FD4FA4A18D9140.tmp' to 'E:/JasonsStuff/College/GameDesign/ISTA 451/3DGame/Exploration/Content/ThirdPersonBP/Blueprints/Animation/Player_Anim_Player_Arma_DefaultAnim.uasset'
[2018.10.15-19.51.01:477][751]LogSavePackage: Moving 'E:/JasonsStuff/College/GameDesign/ISTA 451/3DGame/Exploration/Saved/Player_IdleWalkRunDCC5D454434CF77AC1A49CACDEF80E06.tmp' to 'E:/JasonsStuff/College/GameDesign/ISTA 451/3DGame/Exploration/Content/ThirdPersonBP/Blueprints/Animation/Player_IdleWalkRun.uasset'
[2018.10.15-19.51.03:177][923]LogAssetEditorManager: Opening Asset editor for BlendSpace1D /Game/ThirdPersonBP/Blueprints/Animation/Player_IdleWalkRun.Player_IdleWalkRun
[2018.10.15-19.51.03:209][923]LogActorComponent: RegisterComponentWithWorld: (/Engine/Transient.World_9:PersistentLevel.AnimationEditorPreviewActor_0.DebugSkelMeshComponent_0) Already registered. Aborting.
[2018.10.15-19.51.03:703][923]LogContentBrowser: Verbose: The majority of assets in the view are of type: AnimSequence
[2018.10.15-19.51.14:901][ 35]LogSavePackage: Moving 'E:/JasonsStuff/College/GameDesign/ISTA 451/3DGame/Exploration/Saved/Player_IdleWalkRunBBE3B2414C7511826EF8C38A5F62387E.tmp' to 'E:/JasonsStuff/College/GameDesign/ISTA 451/3DGame/Exploration/Content/ThirdPersonBP/Blueprints/Animation/Player_IdleWalkRun.uasset'
[2018.10.15-19.51.41:384][464]LogSavePackage: Moving 'E:/JasonsStuff/College/GameDesign/ISTA 451/3DGame/Exploration/Saved/Player_IdleWalkRun9CFF57F445359C83B2C22DB5429722A6.tmp' to 'E:/JasonsStuff/College/GameDesign/ISTA 451/3DGame/Exploration/Content/ThirdPersonBP/Blueprints/Animation/Player_IdleWalkRun.uasset'
[2018.10.15-19.51.41:901][503]LogSlate: Window 'Player_IdleWalkRun' being destroyed
[2018.10.15-19.51.43:554][674]LogTemp: Repeating last play command: Selected Viewport
[2018.10.15-19.51.43:571][674]LogBlueprintUserMessages: Early PlayInEditor Detection: Level '/Game/ThirdPersonBP/Maps/ThirdPersonExampleMap.ThirdPersonExampleMap:PersistentLevel' has LevelScriptBlueprint '/Game/ThirdPersonBP/Maps/ThirdPersonExampleMap.ThirdPersonExampleMap:PersistentLevel.ThirdPersonExampleMap' with GeneratedClass '/Game/ThirdPersonBP/Maps/ThirdPersonExampleMap.ThirdPersonExampleMap_C' with ClassGeneratedBy '/Game/ThirdPersonBP/Maps/ThirdPersonExampleMap.ThirdPersonExampleMap:PersistentLevel.ThirdPersonExampleMap'
[2018.10.15-19.51.43:571][674]LogPlayLevel: PlayLevel: No blueprints needed recompiling
[2018.10.15-19.51.43:583][674]PIE: New page: PIE session: ThirdPersonExampleMap (Oct 15, 2018, 5:51:43 AM)
[2018.10.15-19.51.43:583][674]LogPlayLevel: Creating play world package: /Game/ThirdPersonBP/Maps/UEDPIE_0_ThirdPersonExampleMap
[2018.10.15-19.51.43:604][674]LogPlayLevel: PIE: StaticDuplicateObject took: (0.020701s)
[2018.10.15-19.51.43:605][674]LogAIModule: Creating AISystem for world ThirdPersonExampleMap
[2018.10.15-19.51.43:605][674]LogPlayLevel: PIE: World Init took: (0.001058s)
[2018.10.15-19.51.43:605][674]LogPlayLevel: PIE: Created PIE world by copying editor world from /Game/ThirdPersonBP/Maps/ThirdPersonExampleMap.ThirdPersonExampleMap to /Game/ThirdPersonBP/Maps/UEDPIE_0_ThirdPersonExampleMap.ThirdPersonExampleMap (0.021956s)
[2018.10.15-19.51.43:710][674]LogInit: XAudio2 using 'Speakers (Realtek High Definition Audio)' : 2 channels at 48 kHz using 32 bits per sample (channel mask 0x3)
[2018.10.15-19.51.43:795][674]LogInit: FAudioDevice initialized.
[2018.10.15-19.51.43:842][674]LogLoad: Game class is 'ThirdPersonGameMode_C'
[2018.10.15-19.51.43:843][674]LogWorld: Bringing World /Game/ThirdPersonBP/Maps/UEDPIE_0_ThirdPersonExampleMap.ThirdPersonExampleMap up for play (max tick rate 0) at 2018.10.15-12.51.43
[2018.10.15-19.51.43:844][674]LogWorld: Bringing up level for play took: 0.000964
[2018.10.15-19.51.43:869][674]LogContentBrowser: Native class hierarchy updated for 'MovieSceneCapture' in 0.0003 seconds. Added 10 classes and 0 folders.
[2018.10.15-19.51.43:870][674]PIE: Play in editor start time for /Game/ThirdPersonBP/Maps/UEDPIE_0_ThirdPersonExampleMap -0.656
[2018.10.15-19.51.43:870][674]LogBlueprintUserMessages: Late PlayInEditor Detection: Level '/Game/ThirdPersonBP/Maps/ThirdPersonExampleMap.ThirdPersonExampleMap:PersistentLevel' has LevelScriptBlueprint '/Game/ThirdPersonBP/Maps/ThirdPersonExampleMap.ThirdPersonExampleMap:PersistentLevel.ThirdPersonExampleMap' with GeneratedClass '/Game/ThirdPersonBP/Maps/ThirdPersonExampleMap.ThirdPersonExampleMap_C' with ClassGeneratedBy '/Game/ThirdPersonBP/Maps/ThirdPersonExampleMap.ThirdPersonExampleMap:PersistentLevel.ThirdPersonExampleMap'
[2018.10.15-19.52.52:198][769]LogBlueprintUserMessages: Early EndPlayMap Detection: Level '/Game/ThirdPersonBP/Maps/ThirdPersonExampleMap.ThirdPersonExampleMap:PersistentLevel' has LevelScriptBlueprint '/Game/ThirdPersonBP/Maps/ThirdPersonExampleMap.ThirdPersonExampleMap:PersistentLevel.ThirdPersonExampleMap' with GeneratedClass '/Game/ThirdPersonBP/Maps/ThirdPersonExampleMap.ThirdPersonExampleMap_C' with ClassGeneratedBy '/Game/ThirdPersonBP/Maps/ThirdPersonExampleMap.ThirdPersonExampleMap:PersistentLevel.ThirdPersonExampleMap'
[2018.10.15-19.52.52:199][769]LogSlate: Updating window title bar state: overlay mode, drag disabled, window buttons hidden, title bar hidden
[2018.10.15-19.52.52:235][769]LogPlayLevel: Display: Shutting down PIE online subsystems
[2018.10.15-19.52.52:235][769]LogBlueprintUserMessages: Late EndPlayMap Detection: Level '/Game/ThirdPersonBP/Maps/ThirdPersonExampleMap.ThirdPersonExampleMap:PersistentLevel' has LevelScriptBlueprint '/Game/ThirdPersonBP/Maps/ThirdPersonExampleMap.ThirdPersonExampleMap:PersistentLevel.ThirdPersonExampleMap' with GeneratedClass '/Game/ThirdPersonBP/Maps/ThirdPersonExampleMap.ThirdPersonExampleMap_C' with ClassGeneratedBy '/Game/ThirdPersonBP/Maps/ThirdPersonExampleMap.ThirdPersonExampleMap:PersistentLevel.ThirdPersonExampleMap'
[2018.10.15-19.52.52:262][769]LogSlate: Updating window title bar state: overlay mode, drag disabled, window buttons hidden, title bar hidden
[2018.10.15-19.52.52:315][771]LogPlayLevel: Display: Destroying online subsystem :Context_12
[2018.10.15-19.52.52:735][819]LogSlate: FSceneViewport::OnFocusLost() reason 0
[2018.10.15-19.53.29:241][880]LogSlate: Window 'Save Content' being destroyed
[2018.10.15-19.53.29:351][880]LogSavePackage: Moving 'E:/JasonsStuff/College/GameDesign/ISTA 451/3DGame/Exploration/Saved/Player_Player_Arma_DefaultAnimA2C1444C401C0A68F15961B796C5351E.tmp' to 'E:/JasonsStuff/College/GameDesign/ISTA 451/3DGame/Exploration/Content/ThirdPersonBP/Blueprints/Animation/Anims/Player_Player_Arma_DefaultAnim.uasset'
[2018.10.15-19.53.29:403][880]LogSavePackage: Moving 'E:/JasonsStuff/College/GameDesign/ISTA 451/3DGame/Exploration/Saved/Player_Player_Arma_P_Activate3078EFD844F656876D196481EC867376.tmp' to 'E:/JasonsStuff/College/GameDesign/ISTA 451/3DGame/Exploration/Content/ThirdPersonBP/Blueprints/Animation/Anims/Player_Player_Arma_P_Activate.uasset'
[2018.10.15-19.53.29:479][880]LogSavePackage: Moving 'E:/JasonsStuff/College/GameDesign/ISTA 451/3DGame/Exploration/Saved/Player_Player_Arma_P_BWalk5A9ED6374F75788451B267B6E16708BE.tmp' to 'E:/JasonsStuff/College/GameDesign/ISTA 451/3DGame/Exploration/Content/ThirdPersonBP/Blueprints/Animation/Anims/Player_Player_Arma_P_BWalk.uasset'
[2018.10.15-19.53.29:529][880]LogSavePackage: Moving 'E:/JasonsStuff/College/GameDesign/ISTA 451/3DGame/Exploration/Saved/Player_Player_Arma_P_Idle70682A034E28C337FE0960A97C90BB1D.tmp' to 'E:/JasonsStuff/College/GameDesign/ISTA 451/3DGame/Exploration/Content/ThirdPersonBP/Blueprints/Animation/Anims/Player_Player_Arma_P_Idle.uasset'
[2018.10.15-19.53.29:581][880]LogSavePackage: Moving 'E:/JasonsStuff/College/GameDesign/ISTA 451/3DGame/Exploration/Saved/Player_Player_Arma_P_WalkA80B7A19487B89CA82D590BADE01AB5B.tmp' to 'E:/JasonsStuff/College/GameDesign/ISTA 451/3DGame/Exploration/Content/ThirdPersonBP/Blueprints/Animation/Anims/Player_Player_Arma_P_Walk.uasset'
[2018.10.15-19.53.29:631][880]LogSavePackage: Moving 'E:/JasonsStuff/College/GameDesign/ISTA 451/3DGame/Exploration/Saved/Player_Player_Arma_Player_ArmaAcDC49BE4141895BBCF69CB38CAD07525F.tmp' to 'E:/JasonsStuff/College/GameDesign/ISTA 451/3DGame/Exploration/Content/ThirdPersonBP/Blueprints/Animation/Anims/Player_Player_Arma_Player_ArmaAction.uasset'
[2018.10.15-19.53.30:222][880]LogSavePackage: Moving 'E:/JasonsStuff/College/GameDesign/ISTA 451/3DGame/Exploration/Saved/ThirdPersonExampleMapDBF8A94A4AC2FB231D5D3FA70DD6DA2B.tmp' to 'E:/JasonsStuff/College/GameDesign/ISTA 451/3DGame/Exploration/Content/ThirdPersonBP/Maps/ThirdPersonExampleMap.umap'
[2018.10.15-19.53.30:291][880]LogFileHelpers: Saving map 'ThirdPersonExampleMap' took 0.645
[2018.10.15-19.54.19:702][221]LogSlate: Window 'Exploration - Unreal Editor' being destroyed
[2018.10.15-19.54.19:703][221]LogWindowsTextInputMethodSystem: Display: IME system now deactivated.
[2018.10.15-19.54.19:927][222]Cmd: QUIT_EDITOR
[2018.10.15-19.54.20:637][222]LogExit: Preparing to exit.
[2018.10.15-19.54.21:556][222]LogExit: Editor shut down
[2018.10.15-19.54.21:556][222]LogExit: Transaction tracking system shut down
[2018.10.15-19.54.22:937][222]LogFileManager: Warning: DeleteFile was unable to delete 'E:/JasonsStuff/College/GameDesign/ISTA 451/3DGame/Exploration/Intermediate/CachedAssetRegistry.bin', retrying in .5s...
[2018.10.15-19.54.22:937][222]LogFileManager: Warning: DeleteFile recovered during retry!
[2018.10.15-19.54.22:938][222]LogExit: Object subsystem successfully closed.
[2018.10.15-19.54.22:957][222]LogShaderCompilers: Display: Shaders left to compile 0
[2018.10.15-19.54.22:960][222]LogD3D11RHI: Shutdown
[2018.10.15-19.54.22:960][222]LogD3D11RHI: CleanupD3DDevice
[2018.10.15-19.54.22:963][222]LogD3D11RHI: ~FD3D11DynamicRHI
[2018.10.15-19.54.23:060][222]LogModuleManager: Shutting down and abandoning module MovieSceneCapture (628)
[2018.10.15-19.54.23:060][222]LogModuleManager: Shutting down and abandoning module Voice (626)
[2018.10.15-19.54.23:060][222]LogModuleManager: Shutting down and abandoning module AnimationEditor (624)
[2018.10.15-19.54.23:060][222]LogModuleManager: Shutting down and abandoning module ClothingSystemEditorInterface (622)
[2018.10.15-19.54.23:060][222]LogModuleManager: Shutting down and abandoning module BlueprintGraph (620)
[2018.10.15-19.54.23:060][222]LogModuleManager: Shutting down and abandoning module PinnedCommandList (618)
[2018.10.15-19.54.23:060][222]LogModuleManager: Shutting down and abandoning module SkeletonEditor (616)
[2018.10.15-19.54.23:060][222]LogModuleManager: Shutting down and abandoning module AnimationBlueprintEditor (614)
[2018.10.15-19.54.23:060][222]LogModuleManager: Shutting down and abandoning module HierarchicalLODOutliner (612)
[2018.10.15-19.54.23:060][222]LogModuleManager: Shutting down and abandoning module SceneOutliner (610)
[2018.10.15-19.54.23:060][222]LogModuleManager: Shutting down and abandoning module AddContentDialog (608)
[2018.10.15-19.54.23:098][222]LogModuleManager: Shutting down and abandoning module WidgetCarousel (607)
[2018.10.15-19.54.23:098][222]LogModuleManager: Shutting down and abandoning module EditorWidgets (604)
[2018.10.15-19.54.23:098][222]LogModuleManager: Shutting down and abandoning module CollectionManager (602)
[2018.10.15-19.54.23:098][222]LogModuleManager: Shutting down and abandoning module WorldBrowser (600)
[2018.10.15-19.54.23:098][222]LogModuleManager: Shutting down and abandoning module StatsViewer (598)
[2018.10.15-19.54.23:098][222]LogModuleManager: Shutting down and abandoning module FoliageEdit (596)
[2018.10.15-19.54.23:098][222]LogModuleManager: Shutting down and abandoning module LandscapeEditor (594)
[2018.10.15-19.54.23:099][222]LogModuleManager: Shutting down and abandoning module MeshPaintMode (592)
[2018.10.15-19.54.23:099][222]LogModuleManager: Shutting down and abandoning module SceneDepthPickerMode (590)
[2018.10.15-19.54.23:099][222]LogModuleManager: Shutting down and abandoning module ActorPickerMode (588)
[2018.10.15-19.54.23:099][222]LogModuleManager: Shutting down and abandoning module GeometryMode (586)
[2018.10.15-19.54.23:099][222]LogModuleManager: Shutting down and abandoning module TextureAlignMode (584)
[2018.10.15-19.54.23:099][222]LogModuleManager: Shutting down and abandoning module BspMode (582)
[2018.10.15-19.54.23:099][222]LogModuleManager: Shutting down and abandoning module PIEPreviewDeviceProfileSelector (580)
[2018.10.15-19.54.23:099][222]LogModuleManager: Shutting down and abandoning module SequenceRecorderSections (578)
[2018.10.15-19.54.23:099][222]LogModuleManager: Shutting down and abandoning module AutomationWorker (576)
[2018.10.15-19.54.23:099][222]LogModuleManager: Shutting down and abandoning module AudioCaptureEditor (574)
[2018.10.15-19.54.23:099][222]LogModuleManager: Shutting down and abandoning module SequenceRecorder (573)
[2018.10.15-19.54.23:099][222]LogModuleManager: Shutting down and abandoning module MatineeToLevelSequence (570)
[2018.10.15-19.54.23:099][222]LogModuleManager: Shutting down and abandoning module LevelSequenceEditor (568)
[2018.10.15-19.54.23:099][222]LogModuleManager: Shutting down and abandoning module PlacementMode (567)
[2018.10.15-19.54.23:099][222]LogModuleManager: Shutting down and abandoning module MaterialEditor (566)
[2018.10.15-19.54.23:099][222]LogModuleManager: Shutting down and abandoning module WmfMediaFactory (562)
[2018.10.15-19.54.23:099][222]LogModuleManager: Shutting down and abandoning module WmfMediaEditor (560)
[2018.10.15-19.54.23:099][222]LogModuleManager: Shutting down and abandoning module MediaPlayerEditor (558)
[2018.10.15-19.54.23:099][222]LogModuleManager: Shutting down and abandoning module OpenExrWrapper (556)
[2018.10.15-19.54.23:099][222]LogModuleManager: Shutting down and abandoning module ImgMediaFactory (554)
[2018.10.15-19.54.23:099][222]LogModuleManager: Shutting down and abandoning module ImgMediaEditor (552)
[2018.10.15-19.54.23:099][222]LogModuleManager: Shutting down and abandoning module AvfMediaFactory (550)
[2018.10.15-19.54.23:099][222]LogModuleManager: Shutting down and abandoning module AvfMediaEditor (548)
[2018.10.15-19.54.23:099][222]LogModuleManager: Shutting down and abandoning module AndroidMediaFactory (546)
[2018.10.15-19.54.23:099][222]LogModuleManager: Shutting down and abandoning module AndroidMediaEditor (544)
[2018.10.15-19.54.23:099][222]LogModuleManager: Shutting down and abandoning module MagicLeapCameraPreviewFactory (542)
[2018.10.15-19.54.23:099][222]LogModuleManager: Shutting down and abandoning module MagicLeapMediaFactory (540)
[2018.10.15-19.54.23:099][222]LogModuleManager: Shutting down and abandoning module MagicLeapMediaEditor (538)
[2018.10.15-19.54.23:099][222]LogModuleManager: Shutting down and abandoning module CharacterAI (536)
[2018.10.15-19.54.23:099][222]LogModuleManager: Shutting down and abandoning module SmartSnapping (534)
[2018.10.15-19.54.23:099][222]LogModuleManager: Shutting down and abandoning module SessionServices (532)
[2018.10.15-19.54.23:100][222]LogModuleManager: Shutting down and abandoning module ViewportSnapping (530)
[2018.10.15-19.54.23:100][222]LogModuleManager: Shutting down and abandoning module ViewportInteraction (528)
[2018.10.15-19.54.23:100][222]LogModuleManager: Shutting down and abandoning module ClothPainter (526)
[2018.10.15-19.54.23:100][222]LogModuleManager: Shutting down and abandoning module SkeletalMeshEditor (525)
[2018.10.15-19.54.23:100][222]LogModuleManager: Shutting down and abandoning module LogVisualizer (522)
[2018.10.15-19.54.23:100][222]LogModuleManager: Shutting down and abandoning module IntroTutorials (520)
[2018.10.15-19.54.23:100][222]LogModuleManager: Shutting down and abandoning module GameProjectGeneration (519)
[2018.10.15-19.54.23:100][222]LogModuleManager: Shutting down and abandoning module LuminPlatformEditor (516)
[2018.10.15-19.54.23:100][222]LogModuleManager: Shutting down and abandoning module IOSPlatformEditor (514)
[2018.10.15-19.54.23:100][222]LogModuleManager: Shutting down and abandoning module HTML5PlatformEditor (512)
[2018.10.15-19.54.23:100][222]LogModuleManager: Shutting down and abandoning module AndroidPlatformEditor (510)
[2018.10.15-19.54.23:100][222]LogModuleManager: Shutting down and abandoning module AndroidDeviceDetection (509)
[2018.10.15-19.54.24:806][222]LogModuleManager: Shutting down and abandoning module WindowsPlatformEditor (506)
[2018.10.15-19.54.24:806][222]LogModuleManager: Shutting down and abandoning module LuminRuntimeSettings (504)
[2018.10.15-19.54.24:806][222]LogModuleManager: Shutting down and abandoning module IOSRuntimeSettings (502)
[2018.10.15-19.54.24:806][222]LogModuleManager: Shutting down and abandoning module AndroidRuntimeSettings (500)
[2018.10.15-19.54.24:806][222]LogModuleManager: Shutting down and abandoning module InputBindingEditor (498)
[2018.10.15-19.54.24:806][222]LogModuleManager: Shutting down and abandoning module MergeActors (496)
[2018.10.15-19.54.24:806][222]LogModuleManager: Shutting down and abandoning module LocalizationDashboard (494)
[2018.10.15-19.54.24:806][222]LogModuleManager: Shutting down and abandoning module LocalizationService (493)
[2018.10.15-19.54.24:806][222]LogModuleManager: Shutting down and abandoning module HardwareTargeting (490)
[2018.10.15-19.54.24:806][222]LogModuleManager: Shutting down and abandoning module DeviceProfileEditor (488)
[2018.10.15-19.54.24:806][222]LogModuleManager: Shutting down and abandoning module UndoHistory (486)
[2018.10.15-19.54.24:806][222]LogModuleManager: Shutting down and abandoning module XmlParser (484)
[2018.10.15-19.54.24:806][222]LogModuleManager: Shutting down and abandoning module Blutility (482)
[2018.10.15-19.54.24:806][222]LogModuleManager: Shutting down and abandoning module ProjectSettingsViewer (480)
[2018.10.15-19.54.24:806][222]LogModuleManager: Shutting down and abandoning module ProjectTargetPlatformEditor (479)
[2018.10.15-19.54.24:806][222]LogModuleManager: Shutting down and abandoning module EditorSettingsViewer (476)
[2018.10.15-19.54.24:806][222]LogModuleManager: Shutting down and abandoning module SettingsEditor (474)
[2018.10.15-19.54.24:806][222]LogModuleManager: Shutting down and abandoning module ProjectLauncher (472)
[2018.10.15-19.54.24:807][222]LogModuleManager: Shutting down and abandoning module SessionFrontend (470)
[2018.10.15-19.54.24:807][222]LogModuleManager: Shutting down and abandoning module ProfilerClient (468)
[2018.10.15-19.54.24:807][222]LogModuleManager: Shutting down and abandoning module DeviceManager (466)
[2018.10.15-19.54.24:807][222]LogModuleManager: Shutting down and abandoning module TargetDeviceServices (465)
[2018.10.15-19.54.24:862][222]LogModuleManager: Shutting down and abandoning module AutomationController (462)
[2018.10.15-19.54.24:862][222]LogModuleManager: Shutting down and abandoning module AutomationWindow (460)
[2018.10.15-19.54.24:862][222]LogModuleManager: Shutting down and abandoning module Layers (458)
[2018.10.15-19.54.24:862][222]LogModuleManager: Shutting down and abandoning module ComponentVisualizers (456)
[2018.10.15-19.54.24:862][222]LogModuleManager: Shutting down and abandoning module DetailCustomizations (454)
[2018.10.15-19.54.24:862][222]LogModuleManager: Shutting down and abandoning module PackagesDialog (452)
[2018.10.15-19.54.24:862][222]LogModuleManager: Shutting down and abandoning module Persona (450)
[2018.10.15-19.54.24:862][222]LogModuleManager: Shutting down and abandoning module AdvancedPreviewScene (449)
[2018.10.15-19.54.24:862][222]LogModuleManager: Shutting down and abandoning module AnimGraph (447)
[2018.10.15-19.54.24:862][222]LogModuleManager: Shutting down and abandoning module Kismet (444)
[2018.10.15-19.54.24:867][222]LogModuleManager: Shutting down and abandoning module GraphEditor (442)
[2018.10.15-19.54.24:867][222]LogModuleManager: Shutting down and abandoning module ClassViewer (440)
[2018.10.15-19.54.24:867][222]LogModuleManager: Shutting down and abandoning module Toolbox (438)
[2018.10.15-19.54.24:867][222]LogModuleManager: Shutting down and abandoning module ModuleUI (436)
[2018.10.15-19.54.24:867][222]LogModuleManager: Shutting down and abandoning module MovieSceneTools (434)
[2018.10.15-19.54.24:867][222]LogModuleManager: Shutting down and abandoning module OutputLog (432)
[2018.10.15-19.54.24:867][222]LogModuleManager: Shutting down and abandoning module GammaUI (430)
[2018.10.15-19.54.24:867][222]LogModuleManager: Shutting down and abandoning module Documentation (428)
[2018.10.15-19.54.24:867][222]LogModuleManager: Shutting down and abandoning module MovieSceneTracks (426)
[2018.10.15-19.54.24:867][222]LogModuleManager: Shutting down and abandoning module MovieScene (424)
[2018.10.15-19.54.24:867][222]LogModuleManager: Shutting down and abandoning module StreamingPauseRendering (422)
[2018.10.15-19.54.24:867][222]LogModuleManager: Shutting down and abandoning module LauncherPlatform (420)
[2018.10.15-19.54.24:867][222]LogModuleManager: Shutting down and abandoning module AnalyticsET (418)
[2018.10.15-19.54.24:867][222]LogModuleManager: Shutting down and abandoning module PortalServices (416)
[2018.10.15-19.54.24:867][222]LogModuleManager: Shutting down and abandoning module PortalRpc (414)
[2018.10.15-19.54.24:867][222]LogModuleManager: Shutting down and abandoning module MessagingRpc (412)
[2018.10.15-19.54.24:867][222]LogModuleManager: Shutting down and abandoning module AIModule (410)
[2018.10.15-19.54.24:867][222]LogModuleManager: Shutting down and abandoning module GameplayDebugger (409)
[2018.10.15-19.54.24:867][222]LogModuleManager: Shutting down and abandoning module AITestSuite (407)
[2018.10.15-19.54.24:867][222]LogModuleManager: Shutting down and abandoning module NavigationSystem (405)
[2018.10.15-19.54.24:867][222]LogModuleManager: Shutting down and abandoning module DesktopPlatform (402)
[2018.10.15-19.54.24:867][222]LogModuleManager: Shutting down and abandoning module ProfilerService (400)
[2018.10.15-19.54.24:975][222]LogModuleManager: Shutting down and abandoning module TaskGraph (398)
[2018.10.15-19.54.24:975][222]LogModuleManager: Shutting down and abandoning module SteamVRController (396)
[2018.10.15-19.54.24:975][222]LogModuleManager: Shutting down and abandoning module ProceduralMeshComponentEditor (394)
[2018.10.15-19.54.24:975][222]LogModuleManager: Shutting down and abandoning module ProceduralMeshComponent (392)
[2018.10.15-19.54.24:975][222]LogModuleManager: Shutting down and abandoning module OculusInput (390)
[2018.10.15-19.54.24:975][222]LogModuleManager: Shutting down and abandoning module MobilePatchingUtils (388)
[2018.10.15-19.54.24:975][222]LogModuleManager: Shutting down and abandoning module EditableMesh (386)
[2018.10.15-19.54.24:975][222]LogModuleManager: Shutting down and abandoning module CustomMeshComponent (384)
[2018.10.15-19.54.24:975][222]LogModuleManager: Shutting down and abandoning module CableComponent (382)
[2018.10.15-19.54.24:975][222]LogModuleManager: Shutting down and abandoning module AudioCapture (380)
[2018.10.15-19.54.24:975][222]LogModuleManager: Shutting down and abandoning module ArchVisCharacter (378)
[2018.10.15-19.54.24:975][222]LogModuleManager: Shutting down and abandoning module AndroidPermission (376)
[2018.10.15-19.54.24:975][222]LogModuleManager: Shutting down and abandoning module NUTUnrealEngine4 (374)
[2018.10.15-19.54.24:975][222]LogModuleManager: Shutting down and abandoning module NetcodeUnitTest (372)
[2018.10.15-19.54.24:975][222]LogModuleManager: Shutting down and abandoning module MediaCompositingEditor (370)
[2018.10.15-19.54.24:975][222]LogModuleManager: Shutting down and abandoning module MediaCompositing (368)
[2018.10.15-19.54.24:975][222]LogModuleManager: Shutting down and abandoning module LinearTimecode (366)
[2018.10.15-19.54.24:975][222]LogModuleManager: Shutting down and abandoning module ImgMedia (364)
[2018.10.15-19.54.24:977][222]LogModuleManager: Shutting down and abandoning module HTML5Networking (362)
[2018.10.15-19.54.24:977][222]LogModuleManager: Shutting down and abandoning module GeometryCacheTracks (360)
[2018.10.15-19.54.24:977][222]LogModuleManager: Shutting down and abandoning module GeometryCacheSequencer (358)
[2018.10.15-19.54.24:977][222]LogModuleManager: Shutting down and abandoning module BackChannel (356)
[2018.10.15-19.54.24:977][222]LogModuleManager: Shutting down and abandoning module AppleVision (354)
[2018.10.15-19.54.24:977][222]LogModuleManager: Shutting down and abandoning module AppleImageUtils (352)
[2018.10.15-19.54.24:977][222]LogModuleManager: Shutting down and abandoning module AlembicImporter (350)
[2018.10.15-19.54.24:977][222]LogModuleManager: Shutting down and abandoning module AlembicLibrary (349)
[2018.10.15-19.54.24:977][222]LogModuleManager: Shutting down and abandoning module GeometryCache (348)
[2018.10.15-19.54.24:977][222]LogModuleManager: Shutting down and abandoning module GeometryCacheEd (347)
[2018.10.15-19.54.24:978][222]LogModuleManager: Shutting down and abandoning module DatasmithContentEditor (342)
[2018.10.15-19.54.24:978][222]LogModuleManager: Shutting down and abandoning module DatasmithContent (340)
[2018.10.15-19.54.24:979][222]LogModuleManager: Shutting down and abandoning module SpeedTreeImporter (338)
[2018.10.15-19.54.24:979][222]LogModuleManager: Shutting down and abandoning module PluginBrowser (336)
[2018.10.15-19.54.24:979][222]LogModuleManager: Shutting down and abandoning module MobileLauncherProfileWizard (334)
[2018.10.15-19.54.24:979][222]LogModuleManager: Shutting down and abandoning module PolygonModeling (332)
[2018.10.15-19.54.24:979][222]LogModuleManager: Shutting down and abandoning module MeshEditor (330)
[2018.10.15-19.54.24:979][222]LogModuleManager: Shutting down and abandoning module CryptoKeysOpenSSL (328)
[2018.10.15-19.54.24:979][222]LogModuleManager: Shutting down and abandoning module CryptoKeys (326)
[2018.10.15-19.54.24:979][222]LogModuleManager: Shutting down and abandoning module VisualStudioSourceCodeAccess (324)
[2018.10.15-19.54.24:979][222]LogModuleManager: Shutting down and abandoning module VisualStudioCodeSourceCodeAccess (322)
[2018.10.15-19.54.24:980][222]LogModuleManager: Shutting down and abandoning module UObjectPlugin (320)
[2018.10.15-19.54.24:980][222]LogModuleManager: Shutting down and abandoning module SubversionSourceControl (318)
[2018.10.15-19.54.24:980][222]LogModuleManager: Shutting down and abandoning module PerforceSourceControl (316)
[2018.10.15-19.54.24:980][222]LogModuleManager: Shutting down and abandoning module GitSourceControl (314)
[2018.10.15-19.54.24:980][222]LogModuleManager: Shutting down and abandoning module SourceControl (313)
[2018.10.15-19.54.24:980][222]LogModuleManager: Shutting down and abandoning module CLionSourceCodeAccess (310)
[2018.10.15-19.54.24:980][222]LogModuleManager: Shutting down and abandoning module LightPropagationVolumeEditor (308)
[2018.10.15-19.54.24:980][222]LogModuleManager: Shutting down and abandoning module PaperTiledImporter (306)
[2018.10.15-19.54.24:980][222]LogModuleManager: Shutting down and abandoning module PaperSpriteSheetImporter (304)
[2018.10.15-19.54.24:980][222]LogModuleManager: Shutting down and abandoning module Paper2DEditor (302)
[2018.10.15-19.54.24:980][222]LogModuleManager: Shutting down and abandoning module MeshPaint (301)
[2018.10.15-19.54.24:980][222]LogModuleManager: Shutting down and abandoning module RuntimePhysXCooking (298)
[2018.10.15-19.54.24:980][222]LogModuleManager: Shutting down and abandoning module PhysXVehiclesEditor (296)
[2018.10.15-19.54.24:980][222]LogModuleManager: Shutting down and abandoning module PhysXVehicles (294)
[2018.10.15-19.54.24:980][222]LogModuleManager: Shutting down and abandoning module OculusEditor (292)
[2018.10.15-19.54.24:980][222]LogModuleManager: Shutting down and abandoning module LocationServicesBPLibrary (290)
[2018.10.15-19.54.24:980][222]LogModuleManager: Shutting down and abandoning module ImmediatePhysicsEditor (288)
[2018.10.15-19.54.24:980][222]LogModuleManager: Shutting down and abandoning module ImmediatePhysics (286)
[2018.10.15-19.54.24:980][222]LogModuleManager: Shutting down and abandoning module ActorSequence (284)
[2018.10.15-19.54.24:980][222]LogModuleManager: Shutting down and abandoning module UdpMessaging (282)
[2018.10.15-19.54.25:081][222]LogModuleManager: Shutting down and abandoning module TcpMessaging (280)
[2018.10.15-19.54.25:182][222]LogModuleManager: Shutting down and abandoning module MagicLeapAudio (278)
[2018.10.15-19.54.25:182][222]LogModuleManager: Shutting down and abandoning module GameplayTagsEditor (276)
[2018.10.15-19.54.25:182][222]LogModuleManager: Shutting down and abandoning module FacialAnimationEditor (274)
[2018.10.15-19.54.25:182][222]LogModuleManager: Shutting down and abandoning module FacialAnimation (272)
[2018.10.15-19.54.25:182][222]LogModuleManager: Shutting down and abandoning module DataValidation (270)
[2018.10.15-19.54.25:182][222]LogModuleManager: Shutting down and abandoning module AssetManagerEditor (268)
[2018.10.15-19.54.25:182][222]LogModuleManager: Shutting down and abandoning module LevelEditor (267)
[2018.10.15-19.54.25:182][222]LogModuleManager: Shutting down and abandoning module PixelInspectorModule (266)
[2018.10.15-19.54.25:182][222]LogModuleManager: Shutting down and abandoning module CommonMenuExtensions (264)
[2018.10.15-19.54.25:182][222]LogModuleManager: Shutting down and abandoning module MainFrame (262)
[2018.10.15-19.54.25:183][222]LogModuleManager: Shutting down and abandoning module HotReload (261)
[2018.10.15-19.54.25:183][222]LogModuleManager: Shutting down and abandoning module ContentBrowser (257)
[2018.10.15-19.54.25:184][222]LogModuleManager: Shutting down and abandoning module TreeMap (255)
[2018.10.15-19.54.25:184][222]LogModuleManager: Shutting down and abandoning module LightPropagationVolumeRuntime (252)
[2018.10.15-19.54.25:184][222]LogModuleManager: Shutting down and abandoning module AISupportModule (250)
[2018.10.15-19.54.25:184][222]LogModuleManager: Shutting down and abandoning module Paper2D (248)
[2018.10.15-19.54.25:184][222]LogModuleManager: Shutting down and abandoning module WindowsMoviePlayer (246)
[2018.10.15-19.54.25:184][222]LogModuleManager: Shutting down and abandoning module WmfMedia (244)
[2018.10.15-19.54.25:185][222]LogModuleManager: Shutting down and abandoning module Media (243)
[2018.10.15-19.54.25:191][222]LogModuleManager: Shutting down and abandoning module PacketHandler (240)
[2018.10.15-19.54.25:191][222]LogModuleManager: Shutting down and abandoning module ClothingSystemEditor (238)
[2018.10.15-19.54.25:191][222]LogModuleManager: Shutting down and abandoning module ClothingSystemRuntime (236)
[2018.10.15-19.54.25:191][222]LogModuleManager: Shutting down and abandoning module MediaAssets (234)
[2018.10.15-19.54.25:191][222]LogModuleManager: Shutting down and abandoning module Overlay (232)
[2018.10.15-19.54.25:191][222]LogModuleManager: Shutting down and abandoning module OverlayEditor (231)
[2018.10.15-19.54.25:191][222]LogModuleManager: Shutting down and abandoning module VREditor (228)
[2018.10.15-19.54.25:191][222]LogModuleManager: Shutting down and abandoning module StringTableEditor (226)
[2018.10.15-19.54.25:191][222]LogModuleManager: Shutting down and abandoning module GameplayTasksEditor (224)
[2018.10.15-19.54.25:191][222]LogModuleManager: Shutting down and abandoning module BehaviorTreeEditor (222)
[2018.10.15-19.54.25:191][222]LogModuleManager: Shutting down and abandoning module FunctionalTesting (220)
[2018.10.15-19.54.25:191][222]LogModuleManager: Shutting down and abandoning module CollisionAnalyzer (218)
[2018.10.15-19.54.25:191][222]LogModuleManager: Shutting down and abandoning module WorkspaceMenuStructure (217)
[2018.10.15-19.54.25:191][222]LogModuleManager: Shutting down and abandoning module UMG (214)
[2018.10.15-19.54.25:191][222]LogModuleManager: Shutting down and abandoning module UMGEditor (213)
[2018.10.15-19.54.25:191][222]LogModuleManager: Shutting down and abandoning module Sequencer (212)
[2018.10.15-19.54.25:191][222]LogModuleManager: Shutting down and abandoning module MessageLog (209)
[2018.10.15-19.54.25:191][222]LogModuleManager: Shutting down and abandoning module SlateReflector (204)
[2018.10.15-19.54.25:191][222]LogModuleManager: Shutting down and abandoning module Slate (202)
[2018.10.15-19.54.25:191][222]LogModuleManager: Shutting down and abandoning module EditorStyle (200)
[2018.10.15-19.54.25:193][222]LogModuleManager: Shutting down and abandoning module MRMesh (198)
[2018.10.15-19.54.25:193][222]LogModuleManager: Shutting down and abandoning module SourceCodeAccess (196)
[2018.10.15-19.54.25:193][222]LogModuleManager: Shutting down and abandoning module HeadMountedDisplay (194)
[2018.10.15-19.54.25:193][222]LogModuleManager: Shutting down and abandoning module XAudio2 (192)
[2018.10.15-19.54.25:193][222]LogModuleManager: Shutting down and abandoning module Networking (190)
[2018.10.15-19.54.25:193][222]LogModuleManager: Shutting down and abandoning module Core (188)
[2018.10.15-19.54.25:193][222]LogModuleManager: Shutting down and abandoning module LevelSequence (186)
[2018.10.15-19.54.25:193][222]LogModuleManager: Shutting down and abandoning module KismetCompiler (184)
[2018.10.15-19.54.25:193][222]LogModuleManager: Shutting down and abandoning module MeshUtilities (182)
[2018.10.15-19.54.25:193][222]LogModuleManager: Shutting down and abandoning module MeshMergeUtilities (181)
[2018.10.15-19.54.25:193][222]LogModuleManager: Shutting down and abandoning module MeshReductionInterface (180)
[2018.10.15-19.54.25:193][222]LogModuleManager: Shutting down and abandoning module SimplygonSwarm (179)
[2018.10.15-19.54.25:193][222]LogModuleManager: Shutting down and abandoning module ProxyLODMeshReduction (177)
[2018.10.15-19.54.25:193][222]LogModuleManager: Shutting down and abandoning module SimplygonMeshReduction (175)
[2018.10.15-19.54.25:193][222]LogModuleManager: Shutting down and abandoning module QuadricMeshReduction (173)
[2018.10.15-19.54.25:193][222]LogModuleManager: Shutting down and abandoning module MaterialBaking (169)
[2018.10.15-19.54.25:193][222]LogModuleManager: Shutting down and abandoning module DirectoryWatcher (165)
[2018.10.15-19.54.25:193][222]LogModuleManager: Shutting down and abandoning module DerivedDataCache (162)
[2018.10.15-19.54.25:241][222]LogDerivedDataCache: Shutdown
[2018.10.15-19.54.25:241][222]LogModuleManager: Shutting down and abandoning module XGEController (160)
[2018.10.15-19.54.25:241][222]LogXGEController: Cleaning working directory: C:/Users/Jason/AppData/Local/Temp/UnrealXGEWorkingDir/
[2018.10.15-19.54.25:241][222]LogModuleManager: Shutting down and abandoning module TargetPlatform (158)
[2018.10.15-19.54.25:242][222]LogModuleManager: Shutting down and abandoning module VulkanShaderFormat (157)
[2018.10.15-19.54.25:242][222]LogModuleManager: Shutting down and abandoning module ShaderFormatVectorVM (155)
[2018.10.15-19.54.25:242][222]LogModuleManager: Shutting down and abandoning module ShaderFormatOpenGL (153)
[2018.10.15-19.54.25:242][222]LogModuleManager: Shutting down and abandoning module ShaderFormatD3D (151)
[2018.10.15-19.54.25:242][222]LogModuleManager: Shutting down and abandoning module MetalShaderFormat (149)
[2018.10.15-19.54.25:242][222]LogModuleManager: Shutting down and abandoning module TextureFormatUncompressed (147)
[2018.10.15-19.54.25:242][222]LogModuleManager: Shutting down and abandoning module TextureFormatPVR (145)
[2018.10.15-19.54.25:242][222]LogModuleManager: Shutting down and abandoning module TextureFormatDXT (143)
[2018.10.15-19.54.25:242][222]LogModuleManager: Shutting down and abandoning module TextureFormatIntelISPCTexComp (141)
[2018.10.15-19.54.25:242][222]LogModuleManager: Shutting down and abandoning module TextureFormatASTC (139)
[2018.10.15-19.54.25:242][222]LogModuleManager: Shutting down and abandoning module ImageWrapper (138)
[2018.10.15-19.54.25:242][222]LogModuleManager: Shutting down and abandoning module TextureFormatAndroid (135)
[2018.10.15-19.54.25:242][222]LogModuleManager: Shutting down and abandoning module AudioFormatOpus (133)
[2018.10.15-19.54.25:242][222]LogModuleManager: Shutting down and abandoning module AudioFormatOgg (131)
[2018.10.15-19.54.25:242][222]LogModuleManager: Shutting down and abandoning module AudioFormatADPCM (129)
[2018.10.15-19.54.25:242][222]LogModuleManager: Shutting down and abandoning module LuminTargetPlatform (127)
[2018.10.15-19.54.25:242][222]LogModuleManager: Shutting down and abandoning module LinuxTargetPlatform (125)
[2018.10.15-19.54.25:242][222]LogModuleManager: Shutting down and abandoning module LinuxServerTargetPlatform (123)
[2018.10.15-19.54.25:242][222]LogModuleManager: Shutting down and abandoning module LinuxNoEditorTargetPlatform (121)
[2018.10.15-19.54.25:242][222]LogModuleManager: Shutting down and abandoning module LinuxClientTargetPlatform (119)
[2018.10.15-19.54.25:242][222]LogModuleManager: Shutting down and abandoning module TVOSTargetPlatform (117)
[2018.10.15-19.54.25:243][222]LogModuleManager: Shutting down and abandoning module Messaging (115)
[2018.10.15-19.54.25:243][222]LogModuleManager: Shutting down and abandoning module IOSTargetPlatform (113)
[2018.10.15-19.54.25:243][222]LogModuleManager: Shutting down and abandoning module HTML5TargetPlatform (111)
[2018.10.15-19.54.25:243][222]LogModuleManager: Shutting down and abandoning module AndroidTargetPlatform (109)
[2018.10.15-19.54.25:249][222]LogModuleManager: Shutting down and abandoning module WindowsTargetPlatform (107)
[2018.10.15-19.54.25:249][222]LogModuleManager: Shutting down and abandoning module WindowsServerTargetPlatform (105)
[2018.10.15-19.54.25:249][222]LogModuleManager: Shutting down and abandoning module WindowsNoEditorTargetPlatform (103)
[2018.10.15-19.54.25:249][222]LogModuleManager: Shutting down and abandoning module WindowsClientTargetPlatform (101)
[2018.10.15-19.54.25:249][222]LogModuleManager: Shutting down and abandoning module MacTargetPlatform (99)
[2018.10.15-19.54.25:249][222]LogModuleManager: Shutting down and abandoning module MacServerTargetPlatform (97)
[2018.10.15-19.54.25:249][222]LogModuleManager: Shutting down and abandoning module MacNoEditorTargetPlatform (95)
[2018.10.15-19.54.25:249][222]LogModuleManager: Shutting down and abandoning module MacClientTargetPlatform (93)
[2018.10.15-19.54.25:249][222]LogModuleManager: Shutting down and abandoning module AllDesktopTargetPlatform (91)
[2018.10.15-19.54.25:249][222]LogModuleManager: Shutting down and abandoning module InputCore (88)
[2018.10.15-19.54.25:249][222]LogModuleManager: Shutting down and abandoning module Settings (86)
[2018.10.15-19.54.25:250][222]LogModuleManager: Shutting down and abandoning module PhysXCooking (84)
[2018.10.15-19.54.25:250][222]LogModuleManager: Shutting down and abandoning module SteamVR (82)
[2018.10.15-19.54.25:250][222]LogModuleManager: Shutting down and abandoning module OculusHMD (80)
[2018.10.15-19.54.25:250][222]LogModuleManager: Shutting down and abandoning module ExampleDeviceProfileSelector (78)
[2018.10.15-19.54.25:250][222]LogModuleManager: Shutting down and abandoning module LauncherChunkInstaller (76)
[2018.10.15-19.54.25:250][222]LogModuleManager: Shutting down and abandoning module OnlineBlueprintSupport (74)
[2018.10.15-19.54.25:250][222]LogModuleManager: Shutting down and abandoning module OnlineSubsystem (70)
[2018.10.15-19.54.25:251][222]LogModuleManager: Shutting down and abandoning module XMPP (65)
[2018.10.15-19.54.25:251][222]LogModuleManager: Shutting down and abandoning module WebSockets (64)
[2018.10.15-19.54.25:275][222]LogModuleManager: Shutting down and abandoning module HTTP (61)
[2018.10.15-19.54.25:275][222]LogHttp: Display: Http module shutting down, but needs to wait on 1 outstanding Http requests:
[2018.10.15-19.54.25:275][222]LogHttp: Display: 	verb=[POST] url=[https://datarouter.ol.epicgames.com/datarouter/api/v1/public/data?SessionID=%7B66F776F5-495B-4900-3D48-06A07B2421C4%7D&AppID=UEEditor.Rocket.Release&AppVersion=4.20.2-4302132%2B%2B%2BUE4%2BRelease-4.20&UserID=3a3b3e16401a9e7c892cdfa2356dffd3%7Cd03da1c8853e40c987e95c2ac5f10a88%7Ccaf55c99-985e-4fca-95af-26734a9c68ba&AppEnvironment=datacollector-binary&UploadType=eteventstream] status=Processing
[2018.10.15-19.54.25:297][222]LogModuleManager: Shutting down and abandoning module SSL (60)
[2018.10.15-19.54.25:297][222]LogModuleManager: Shutting down and abandoning module MagicLeapEmulator (56)
[2018.10.15-19.54.25:298][222]LogModuleManager: Shutting down and abandoning module MagicLeapPrivileges (54)
[2018.10.15-19.54.25:298][222]LogModuleManager: Shutting down and abandoning module MagicLeapIdentity (52)
[2018.10.15-19.54.25:298][222]LogModuleManager: Shutting down and abandoning module MagicLeapHelperVulkan (50)
[2018.10.15-19.54.25:298][222]LogModuleManager: Shutting down and abandoning module MagicLeapHelperOpenGL (48)
[2018.10.15-19.54.25:298][222]LogModuleManager: Shutting down and abandoning module MagicLeapSecureStorage (46)
[2018.10.15-19.54.25:298][222]LogModuleManager: Shutting down and abandoning module MagicLeapGestures (44)
[2018.10.15-19.54.25:298][222]LogModuleManager: Shutting down and abandoning module MagicLeapEyeTracker (42)
[2018.10.15-19.54.25:298][222]LogModuleManager: Shutting down and abandoning module MagicLeapController (40)
[2018.10.15-19.54.25:298][222]LogSlate: Slate User Destroyed.  User Index 0, Is Virtual User: 0
[2018.10.15-19.54.25:298][222]LogModuleManager: Shutting down and abandoning module MagicLeap (38)
[2018.10.15-19.54.25:298][222]LogModuleManager: Shutting down and abandoning module AnimationModifiers (36)
[2018.10.15-19.54.25:298][222]LogModuleManager: Shutting down and abandoning module PropertyEditor (35)
[2018.10.15-19.54.25:298][222]LogModuleManager: Shutting down and abandoning module AudioEditor (32)
[2018.10.15-19.54.25:298][222]LogModuleManager: Shutting down and abandoning module TextureCompressor (30)
[2018.10.15-19.54.25:298][222]LogModuleManager: Shutting down and abandoning module ShaderCore (28)
[2018.10.15-19.54.25:298][222]LogModuleManager: Shutting down and abandoning module Landscape (26)
[2018.10.15-19.54.25:298][222]LogModuleManager: Shutting down and abandoning module SlateRHIRenderer (24)
[2018.10.15-19.54.25:298][222]LogModuleManager: Shutting down and abandoning module OpenGLDrv (22)
[2018.10.15-19.54.25:299][222]LogModuleManager: Shutting down and abandoning module D3D11RHI (20)
[2018.10.15-19.54.25:299][222]LogModuleManager: Shutting down and abandoning module AnimGraphRuntime (18)
[2018.10.15-19.54.25:299][222]LogModuleManager: Shutting down and abandoning module Renderer (16)
[2018.10.15-19.54.25:299][222]LogModuleManager: Shutting down and abandoning module Engine (14)
[2018.10.15-19.54.25:299][222]LogModuleManager: Shutting down and abandoning module CoreUObject (12)
[2018.10.15-19.54.25:299][222]LogModuleManager: Shutting down and abandoning module NetworkFile (10)
[2018.10.15-19.54.25:299][222]LogModuleManager: Shutting down and abandoning module CookedIterativeFile (8)
[2018.10.15-19.54.25:299][222]LogModuleManager: Shutting down and abandoning module StreamingFile (6)
[2018.10.15-19.54.25:299][222]LogModuleManager: Shutting down and abandoning module SandboxFile (4)
[2018.10.15-19.54.25:299][222]LogModuleManager: Shutting down and abandoning module PakFile (2)
[2018.10.15-19.54.25:302][222]LogExit: Exiting.
[2018.10.15-19.54.25:304][222]Log file closed, 10/15/18 12:54:25
